<?xml version="1.0" encoding="utf-8"?><testsuites name="pytest tests"><testsuite name="pytest" errors="0" failures="0" skipped="0" tests="13" time="6.441" timestamp="2026-05-18T19:21:23.020350+00:00" hostname="agent-env-d7bc7a7e-7db0-44b8-b3ea-b59bddd2de3e"><testcase classname="backend.tests.test_iteration63_tasks_messages_scope.TestTasksSubtasks" name="test_create_task_with_subtasks_and_created_by" time="0.723" /><testcase classname="backend.tests.test_iteration63_tasks_messages_scope.TestDashboardTasksScopedToMe" name="test_dashboard_tasks_count_excludes_others" time="0.815" /><testcase classname="backend.tests.test_iteration63_tasks_messages_scope.TestNotificationsAdminResetAll" name="test_nonadmin_forbidden" time="0.088" /><testcase classname="backend.tests.test_iteration63_tasks_messages_scope.TestNotificationsAdminResetAll" name="test_admin_succeeds_returns_counts" time="0.069" /><testcase classname="backend.tests.test_iteration63_tasks_messages_scope.TestTaskAssignmentNotification" name="test_task_creation_emits_notification_to_assignee" time="0.845" /><testcase classname="backend.tests.test_iteration63_tasks_messages_scope.TestMessagesGroupAndUnread" name="test_unread_count_route_not_shadowed" time="0.064" /><testcase classname="backend.tests.test_iteration63_tasks_messages_scope.TestMessagesGroupAndUnread" name="test_group_lifecycle_and_message_delete" time="0.928" /><testcase classname="backend.tests.test_iteration63_tasks_messages_scope.TestMessagesGroupAndUnread" name="test_message_creates_notifications_for_other_participants" time="0.761" /><testcase classname="backend.tests.test_iteration63_tasks_messages_scope.TestDepartmentScope" name="test_department_scope_filters_tasks" time="1.481" /><testcase classname="backend.tests.test_iteration63_tasks_messages_scope.TestRegression" name="test_login_admin" time="0.345" /><testcase classname="backend.tests.test_iteration63_tasks_messages_scope.TestRegression" name="test_invitation_templates_list" time="0.068" /><testcase classname="backend.tests.test_iteration63_tasks_messages_scope.TestRegression" name="test_meetings_list" time="0.066" /><testcase classname="backend.tests.test_iteration63_tasks_messages_scope.TestRegression" name="test_org_companies_list" time="0.062" /></testsuite></testsuites>