<?xml version="1.0" encoding="utf-8"?><testsuites name="pytest tests"><testsuite name="pytest" errors="0" failures="0" skipped="0" tests="5" time="2.912" timestamp="2026-05-06T09:57:11.870259+00:00" hostname="agent-env-d7bc7a7e-7db0-44b8-b3ea-b59bddd2de3e"><testcase classname="backend.tests.test_iteration45_phase1_quickfixes.TestOptionsAllOrganizationForms" name="test_organization_forms_in_options" time="0.663" /><testcase classname="backend.tests.test_iteration45_phase1_quickfixes.TestManageableListsRegistry" name="test_organization_forms_registered" time="0.102" /><testcase classname="backend.tests.test_iteration45_phase1_quickfixes.TestCompanyOrganizationForm" name="test_create_company_with_org_form_and_verify" time="0.571" /><testcase classname="backend.tests.test_iteration45_phase1_quickfixes.TestInvitationNotes" name="test_put_invitation_notes" time="0.618" /><testcase classname="backend.tests.test_iteration45_phase1_quickfixes.TestInvitationNotes" name="test_put_notes_404_for_missing" time="0.899" /></testsuite></testsuites>