<?xml version="1.0" encoding="utf-8"?><testsuites name="pytest tests"><testsuite name="pytest" errors="0" failures="0" skipped="0" tests="6" time="2.215" timestamp="2026-05-06T10:16:35.786421+00:00" hostname="agent-env-d7bc7a7e-7db0-44b8-b3ea-b59bddd2de3e"><testcase classname="backend.tests.test_iteration46_phase2_midfixes.TestForumRequiredFields" name="test_get_forum_fields_returns_required_key" time="0.515" /><testcase classname="backend.tests.test_iteration46_phase2_midfixes.TestForumRequiredFields" name="test_put_forum_fields_enforces_required_subset_of_enabled" time="0.106" /><testcase classname="backend.tests.test_iteration46_phase2_midfixes.TestForumRequiredFields" name="test_public_form_returns_required_flag_per_field" time="0.261" /><testcase classname="backend.tests.test_iteration46_phase2_midfixes.TestForumRequiredFields" name="test_public_submit_400_on_missing_required" time="0.105" /><testcase classname="backend.tests.test_iteration46_phase2_midfixes.TestForumRequiredFields" name="test_public_submit_200_when_required_filled" time="0.370" /><testcase classname="backend.tests.test_iteration46_phase2_midfixes.TestProjectCustomerSalesLead" name="test_create_lead_with_project_id_appears_in_project_sales" time="0.796" /></testsuite></testsuites>