<?xml version="1.0" encoding="utf-8"?><testsuites name="pytest tests"><testsuite name="pytest" errors="0" failures="0" skipped="0" tests="25" time="14.105" timestamp="2026-05-06T08:22:26.122397+00:00" hostname="agent-env-d7bc7a7e-7db0-44b8-b3ea-b59bddd2de3e"><testcase classname="backend.tests.test_iteration44_sms_lsim.TestBalance" name="test_balance_admin_ok" time="1.376" /><testcase classname="backend.tests.test_iteration44_sms_lsim.TestBalance" name="test_balance_forbidden_for_non_admin" time="0.428" /><testcase classname="backend.tests.test_iteration44_sms_lsim.TestTemplates" name="test_get_default_templates" time="0.112" /><testcase classname="backend.tests.test_iteration44_sms_lsim.TestTemplates" name="test_update_event_reminder_template" time="0.472" /><testcase classname="backend.tests.test_iteration44_sms_lsim.TestTemplates" name="test_update_birthday_template" time="0.327" /><testcase classname="backend.tests.test_iteration44_sms_lsim.TestTemplates" name="test_update_template_invalid_key" time="0.135" /><testcase classname="backend.tests.test_iteration44_sms_lsim.TestTemplates" name="test_update_template_empty_text" time="0.108" /><testcase classname="backend.tests.test_iteration44_sms_lsim.TestTemplates" name="test_templates_forbidden_non_admin" time="0.147" /><testcase classname="backend.tests.test_iteration44_sms_lsim.TestSendSingle" name="test_send_invalid_phone_is_logged_as_failed" time="0.849" /><testcase classname="backend.tests.test_iteration44_sms_lsim.TestSendSingle" name="test_send_missing_fields" time="0.107" /><testcase classname="backend.tests.test_iteration44_sms_lsim.TestSendSingle" name="test_send_forbidden_non_admin" time="0.103" /><testcase classname="backend.tests.test_iteration44_sms_lsim.TestBulk" name="test_bulk_companies_all_failed_logged" time="1.574" /><testcase classname="backend.tests.test_iteration44_sms_lsim.TestBulk" name="test_bulk_explicit_recipients" time="1.263" /><testcase classname="backend.tests.test_iteration44_sms_lsim.TestBulk" name="test_bulk_no_valid_phone" time="0.110" /><testcase classname="backend.tests.test_iteration44_sms_lsim.TestBulk" name="test_bulk_forbidden_non_admin" time="0.106" /><testcase classname="backend.tests.test_iteration44_sms_lsim.TestLogs" name="test_logs_sorted_desc_and_filter" time="0.211" /><testcase classname="backend.tests.test_iteration44_sms_lsim.TestLogs" name="test_logs_stats" time="0.107" /><testcase classname="backend.tests.test_iteration44_sms_lsim.TestLogs" name="test_logs_forbidden_non_admin" time="0.206" /><testcase classname="backend.tests.test_iteration44_sms_lsim.TestDispatchDaily" name="test_dispatch_daily_first_call" time="2.294" /><testcase classname="backend.tests.test_iteration44_sms_lsim.TestDispatchDaily" name="test_dispatch_daily_idempotent" time="0.313" /><testcase classname="backend.tests.test_iteration44_sms_lsim.TestDispatchDaily" name="test_dispatch_daily_forbidden_non_admin" time="0.107" /><testcase classname="backend.tests.test_iteration44_sms_lsim.TestPhoneNormalization" name="test_normalize_via_send[+994 00 000 00 00-994000000000]" time="0.798" /><testcase classname="backend.tests.test_iteration44_sms_lsim.TestPhoneNormalization" name="test_normalize_via_send[050 000 00 00-994500000000]" time="0.799" /><testcase classname="backend.tests.test_iteration44_sms_lsim.TestPhoneNormalization" name="test_normalize_via_send[500000000-994500000000]" time="0.771" /><testcase classname="backend.tests.test_iteration44_sms_lsim.TestPhoneNormalization" name="test_normalize_via_send[994000000000-994000000000]" time="1.193" /></testsuite></testsuites>