<?xml version="1.0" encoding="utf-8"?><testsuites name="pytest tests"><testsuite name="pytest" errors="0" failures="0" skipped="0" tests="14" time="9.238" timestamp="2026-05-14T12:10:52.704892+00:00" hostname="agent-env-d7bc7a7e-7db0-44b8-b3ea-b59bddd2de3e"><testcase classname="backend.tests.test_iteration55_inventory_valuation" name="test_total_initial_value_and_depreciation" time="1.173" /><testcase classname="backend.tests.test_iteration55_inventory_valuation" name="test_months_used_from_purchase_date" time="0.720" /><testcase classname="backend.tests.test_iteration55_inventory_valuation" name="test_book_value_floor_zero_when_fully_depreciated" time="0.573" /><testcase classname="backend.tests.test_iteration55_inventory_valuation" name="test_operational_status_in_use" time="0.595" /><testcase classname="backend.tests.test_iteration55_inventory_valuation" name="test_operational_status_fully_depreciated_but_in_use" time="0.615" /><testcase classname="backend.tests.test_iteration55_inventory_valuation" name="test_operational_status_unusable_only" time="0.568" /><testcase classname="backend.tests.test_iteration55_inventory_valuation" name="test_market_above_book_revaluation_suggestion" time="0.548" /><testcase classname="backend.tests.test_iteration55_inventory_valuation" name="test_negative_values_coerced_to_zero_on_create" time="0.739" /><testcase classname="backend.tests.test_iteration55_inventory_valuation" name="test_negative_values_coerced_on_update" time="0.695" /><testcase classname="backend.tests.test_iteration55_inventory_valuation" name="test_standalone_valuation_endpoint" time="0.672" /><testcase classname="backend.tests.test_iteration55_inventory_valuation" name="test_valuation_endpoint_404" time="0.134" /><testcase classname="backend.tests.test_iteration55_inventory_valuation" name="test_value_report_structure_and_aggregations" time="0.904" /><testcase classname="backend.tests.test_iteration55_inventory_valuation" name="test_rbac_sales_manager_blocked_post" time="0.445" /><testcase classname="backend.tests.test_iteration55_inventory_valuation" name="test_rbac_sales_manager_blocked_put_delete" time="0.788" /></testsuite></testsuites>