<?xml version="1.0" encoding="utf-8"?><testsuites name="pytest tests"><testsuite name="pytest" errors="0" failures="0" skipped="0" tests="12" time="2.049" timestamp="2026-05-01T11:11:41.494246+00:00" hostname="agent-env-b256feca-07ad-4f6d-9506-da4a5c74d691"><testcase classname="backend.tests.test_iteration37_notification_config.TestNotificationConfig" name="test_get_returns_all_keys_with_int_defaults" time="0.506" /><testcase classname="backend.tests.test_iteration37_notification_config.TestNotificationConfig" name="test_put_persists_and_get_reflects_values" time="0.102" /><testcase classname="backend.tests.test_iteration37_notification_config.TestNotificationConfig" name="test_put_mirrors_membership_warning_days_into_legacy" time="0.109" /><testcase classname="backend.tests.test_iteration37_notification_config.TestNotificationConfig" name="test_put_non_integer_values_fall_back_to_defaults" time="0.053" /><testcase classname="backend.tests.test_iteration37_notification_config.TestNotificationConfig" name="test_put_requires_auth" time="0.110" /><testcase classname="backend.tests.test_iteration37_notification_config.TestNotificationConfig" name="test_get_requires_auth" time="0.098" /><testcase classname="backend.tests.test_iteration37_notification_config.TestLegacySettingsListMembershipWarning" name="test_legacy_get_still_works" time="0.047" /><testcase classname="backend.tests.test_iteration37_notification_config.TestLegacySettingsListMembershipWarning" name="test_legacy_put_still_works_and_get_reflects" time="0.100" /><testcase classname="backend.tests.test_iteration37_notification_config.TestLegacySettingsListMembershipWarning" name="test_legacy_put_propagates_to_notification_config_get" time="0.095" /><testcase classname="backend.tests.test_iteration37_notification_config.TestNotificationsEndpoint" name="test_notifications_endpoint_works" time="0.128" /><testcase classname="backend.tests.test_iteration37_notification_config.TestNotificationsEndpoint" name="test_birthday_notifications_include_company_name_field" time="0.257" /><testcase classname="backend.tests.test_iteration37_notification_config.TestNotificationsEndpoint" name="test_birthday_advance_days_window_respected" time="0.369" /></testsuite></testsuites>