<?xml version="1.0" encoding="utf-8"?><testsuites name="pytest tests"><testsuite name="pytest" errors="0" failures="0" skipped="0" tests="8" time="3.004" timestamp="2026-05-12T10:53:08.975604+00:00" hostname="agent-env-d7bc7a7e-7db0-44b8-b3ea-b59bddd2de3e"><testcase classname="backend.tests.test_iteration52_obligations_import_dateformat" name="test_import_ddmmyyyy_happy_path" time="0.898" /><testcase classname="backend.tests.test_iteration52_obligations_import_dateformat" name="test_import_unknown_company_skipped" time="0.110" /><testcase classname="backend.tests.test_iteration52_obligations_import_dateformat" name="test_import_empty_company_name_skipped" time="0.165" /><testcase classname="backend.tests.test_iteration52_obligations_import_dateformat" name="test_only_first_name_sets_owner_name" time="0.281" /><testcase classname="backend.tests.test_iteration52_obligations_import_dateformat" name="test_only_last_name_sets_owner_name" time="0.290" /><testcase classname="backend.tests.test_iteration52_obligations_import_dateformat" name="test_both_names_empty_skips_owner_update" time="0.439" /><testcase classname="backend.tests.test_iteration52_obligations_import_dateformat" name="test_iso_date_format_accepted" time="0.211" /><testcase classname="backend.tests.test_iteration52_obligations_import_dateformat" name="test_import_excel_non_write_user_403" time="0.550" /></testsuite></testsuites>