<?xml version="1.0" encoding="utf-8"?><testsuites name="pytest tests"><testsuite name="pytest" errors="0" failures="0" skipped="0" tests="9" time="5.356" timestamp="2026-05-12T08:10:18.704088+00:00" hostname="agent-env-d7bc7a7e-7db0-44b8-b3ea-b59bddd2de3e"><testcase classname="backend.tests.test_iteration50_login_tasks_archive_sessions.TestLoginStatus" name="test_active_admin_login_200" time="0.528" /><testcase classname="backend.tests.test_iteration50_login_tasks_archive_sessions.TestLoginStatus" name="test_active_sales_login_200" time="0.380" /><testcase classname="backend.tests.test_iteration50_login_tasks_archive_sessions.TestLoginStatus" name="test_deactivated_user_blocked_403" time="1.282" /><testcase classname="backend.tests.test_iteration50_login_tasks_archive_sessions.TestLoginStatus" name="test_reactivated_user_can_login_200" time="0.910" /><testcase classname="backend.tests.test_iteration50_login_tasks_archive_sessions.TestTaskArchive" name="test_admin_delete_moves_to_archive" time="0.443" /><testcase classname="backend.tests.test_iteration50_login_tasks_archive_sessions.TestTaskArchive" name="test_restore_archived_task" time="0.731" /><testcase classname="backend.tests.test_iteration50_login_tasks_archive_sessions.TestTaskArchive" name="test_non_creator_non_admin_cannot_delete_403" time="0.759" /><testcase classname="backend.tests.test_iteration50_login_tasks_archive_sessions.TestSystemSessions" name="test_system_sessions_returns_sessions_and_totals" time="0.175" /><testcase classname="backend.tests.test_iteration50_login_tasks_archive_sessions.TestSystemSessions" name="test_system_sessions_non_admin_forbidden_or_filtered" time="0.100" /></testsuite></testsuites>