<?xml version="1.0" encoding="utf-8"?><testsuites name="pytest tests"><testsuite name="pytest" errors="0" failures="0" skipped="0" tests="16" time="4.230" timestamp="2026-05-01T12:02:37.233230+00:00" hostname="agent-env-b256feca-07ad-4f6d-9506-da4a5c74d691"><testcase classname="backend.tests.test_iteration39_package_services.TestSeed" name="test_seed_returns_catalog_size_19" time="0.491" /><testcase classname="backend.tests.test_iteration39_package_services.TestSeed" name="test_seed_per_package_values" time="0.605" /><testcase classname="backend.tests.test_iteration39_package_services.TestSeed" name="test_seed_skips_sponsor" time="0.108" /><testcase classname="backend.tests.test_iteration39_package_services.TestList" name="test_list_returns_sorted_by_sort_order" time="0.125" /><testcase classname="backend.tests.test_iteration39_package_services.TestList" name="test_list_unknown_package_returns_404" time="0.112" /><testcase classname="backend.tests.test_iteration39_package_services.TestCRUD" name="test_create_service_success" time="0.328" /><testcase classname="backend.tests.test_iteration39_package_services.TestCRUD" name="test_create_empty_name_returns_400" time="0.357" /><testcase classname="backend.tests.test_iteration39_package_services.TestCRUD" name="test_create_unknown_package_returns_404" time="0.120" /><testcase classname="backend.tests.test_iteration39_package_services.TestCRUD" name="test_update_full_fields" time="0.572" /><testcase classname="backend.tests.test_iteration39_package_services.TestCRUD" name="test_update_partial_included_only" time="0.341" /><testcase classname="backend.tests.test_iteration39_package_services.TestCRUD" name="test_update_unknown_service_returns_404" time="0.111" /><testcase classname="backend.tests.test_iteration39_package_services.TestCRUD" name="test_delete_service_removes_it" time="0.343" /><testcase classname="backend.tests.test_iteration39_package_services.TestCRUD" name="test_delete_unknown_package_returns_404" time="0.105" /><testcase classname="backend.tests.test_iteration39_package_services.TestAuth" name="test_unauthenticated_list_blocked" time="0.104" /><testcase classname="backend.tests.test_iteration39_package_services.TestAuth" name="test_unauthenticated_seed_blocked" time="0.105" /><testcase classname="backend.tests.test_iteration39_package_services.TestAuth" name="test_admin_can_perform_all" time="0.217" /></testsuite></testsuites>