<?xml version="1.0" encoding="utf-8"?><testsuites name="pytest tests"><testsuite name="pytest" errors="0" failures="0" skipped="0" tests="16" time="52.724" timestamp="2026-05-01T12:33:17.082932+00:00" hostname="agent-env-b256feca-07ad-4f6d-9506-da4a5c74d691"><testcase classname="backend.tests.test_iteration40_service_usage.TestAuth" name="test_stats_requires_auth" time="0.748" /><testcase classname="backend.tests.test_iteration40_service_usage.TestAuth" name="test_usage_list_requires_auth" time="0.114" /><testcase classname="backend.tests.test_iteration40_service_usage.TestAuth" name="test_usage_create_requires_auth" time="0.111" /><testcase classname="backend.tests.test_iteration40_service_usage.TestAuth" name="test_dashboard_stats_requires_auth" time="0.113" /><testcase classname="backend.tests.test_iteration40_service_usage.TestServiceStats" name="test_stats_shape_and_quotas" time="0.109" /><testcase classname="backend.tests.test_iteration40_service_usage.TestServiceStats" name="test_stats_404_on_unknown_company" time="0.110" /><testcase classname="backend.tests.test_iteration40_service_usage.TestServiceUsageCRUD" name="test_create_validation_requires_identifier" time="0.118" /><testcase classname="backend.tests.test_iteration40_service_usage.TestServiceUsageCRUD" name="test_create_by_service_name" time="0.782" /><testcase classname="backend.tests.test_iteration40_service_usage.TestServiceUsageCRUD" name="test_update_usage" time="0.657" /><testcase classname="backend.tests.test_iteration40_service_usage.TestServiceUsageCRUD" name="test_delete_usage" time="0.537" /><testcase classname="backend.tests.test_iteration40_service_usage.TestServiceUsageCRUD" name="test_stats_reflects_usage" time="0.770" /><testcase classname="backend.tests.test_iteration40_service_usage.TestAutoTrackMeeting" name="test_meeting_auto_creates_usage_and_is_idempotent" time="1.586" /><testcase classname="backend.tests.test_iteration40_service_usage.TestAutoTrackMeeting" name="test_meeting_without_matching_type_does_not_create_usage" time="0.616" /><testcase classname="backend.tests.test_iteration40_service_usage.TestDashboardServiceUsage" name="test_default_month_shape" time="0.553" /><testcase classname="backend.tests.test_iteration40_service_usage.TestDashboardServiceUsage" name="test_explicit_month_filter" time="30.825" /><testcase classname="backend.tests.test_iteration40_service_usage.TestDashboardServiceUsage" name="test_invalid_month_falls_back_to_current" time="14.878" /></testsuite></testsuites>