<?xml version="1.0" encoding="utf-8"?><testsuites name="pytest tests"><testsuite name="pytest" errors="0" failures="0" skipped="0" tests="17" time="4.191" timestamp="2026-05-02T14:36:11.017519+00:00" hostname="agent-env-b256feca-07ad-4f6d-9506-da4a5c74d691"><testcase classname="backend.tests.test_manageable_lists.TestManageableListsRegistry" name="test_returns_16_items" time="0.585" /><testcase classname="backend.tests.test_manageable_lists.TestManageableListsRegistry" name="test_each_item_has_required_fields" time="0.054" /><testcase classname="backend.tests.test_manageable_lists.TestManageableListsRegistry" name="test_all_expected_keys_present" time="0.057" /><testcase classname="backend.tests.test_manageable_lists.TestManageableListsRegistry" name="test_group_distribution" time="0.053" /><testcase classname="backend.tests.test_manageable_lists.TestManageableListsRegistry" name="test_defaults_and_groups_match" time="0.055" /><testcase classname="backend.tests.test_manageable_lists.TestManageableListsRegistry" name="test_values_equal_defaults_when_no_override" time="0.900" /><testcase classname="backend.tests.test_manageable_lists.TestManageableListsRegistry" name="test_requires_authentication" time="0.106" /><testcase classname="backend.tests.test_manageable_lists.TestListPutPersistence" name="test_put_company_sizes_persists_and_others_unchanged" time="0.097" /><testcase classname="backend.tests.test_manageable_lists.TestListPutPersistence" name="test_options_all_reflects_updated_company_sizes" time="0.063" /><testcase classname="backend.tests.test_manageable_lists.TestListPutPersistence" name="test_reset_to_defaults_restores" time="0.114" /><testcase classname="backend.tests.test_manageable_lists.TestOptionsAllKeys" name="test_all_required_keys_present" time="0.059" /><testcase classname="backend.tests.test_manageable_lists.TestOptionsAllKeys" name="test_defaults_returned_when_no_override" time="0.060" /><testcase classname="backend.tests.test_manageable_lists.TestOptionsAllKeys" name="test_dynamic_override_reflects_in_options" time="0.222" /><testcase classname="backend.tests.test_manageable_lists.TestBackwardCompatibility" name="test_meeting_types_override_works" time="0.174" /><testcase classname="backend.tests.test_manageable_lists.TestBackwardCompatibility" name="test_lead_sources_override_works" time="0.183" /><testcase classname="backend.tests.test_manageable_lists.TestBackwardCompatibility" name="test_sale_types_override_works" time="0.183" /><testcase classname="backend.tests.test_manageable_lists.TestBackwardCompatibility" name="test_membership_warning_days_legacy_still_works" time="1.161" /></testsuite></testsuites>