<?xml version="1.0" encoding="utf-8"?><testsuites name="pytest tests"><testsuite name="pytest" errors="0" failures="8" skipped="0" tests="20" time="9.265" timestamp="2026-05-06T10:41:54.039332+00:00" hostname="agent-env-d7bc7a7e-7db0-44b8-b3ea-b59bddd2de3e"><testcase classname="backend.tests.test_iteration47_marketing_eval_groups.TestMailchimp" name="test_ping_ok" time="0.814" /><testcase classname="backend.tests.test_iteration47_marketing_eval_groups.TestMailchimp" name="test_ping_admin_only" time="0.465" /><testcase classname="backend.tests.test_iteration47_marketing_eval_groups.TestMailchimp" name="test_audiences" time="0.500" /><testcase classname="backend.tests.test_iteration47_marketing_eval_groups.TestMailchimp" name="test_campaigns_list" time="2.327" /><testcase classname="backend.tests.test_iteration47_marketing_eval_groups.TestMailchimp" name="test_create_campaign_validation" time="0.120" /><testcase classname="backend.tests.test_iteration47_marketing_eval_groups.TestMailchimp" name="test_create_campaign_draft" time="2.756" /><testcase classname="backend.tests.test_iteration47_marketing_eval_groups.TestMailchimp" name="test_sync_companies_structure" time="0.122" /><testcase classname="backend.tests.test_iteration47_marketing_eval_groups.TestPartnerEvaluation" name="test_list" time="0.104" /><testcase classname="backend.tests.test_iteration47_marketing_eval_groups.TestPartnerEvaluation" name="test_single" time="0.291" /><testcase classname="backend.tests.test_iteration47_marketing_eval_groups.TestPartnerEvaluation" name="test_single_404" time="0.100" /><testcase classname="backend.tests.test_iteration47_marketing_eval_groups.TestPartnerEvaluation" name="test_manual_bonus_clamp" time="0.440" /><testcase classname="backend.tests.test_iteration47_marketing_eval_groups.TestPartnerEvaluation" name="test_manual_bonus_admin_only" time="0.109" /><testcase classname="backend.tests.test_iteration47_marketing_eval_groups.TestMessageGroups" name="test_create_group_requires_min_2_members" time="0.116"><failure message="assert 200 == 400&#10; +  where 200 = &lt;Response [200]&gt;.status_code">backend/tests/test_iteration47_marketing_eval_groups.py:176: in test_create_group_requires_min_2_members
    assert r.status_code == 400
E   assert 200 == 400
E    +  where 200 = &lt;Response [200]&gt;.status_code</failure></testcase><testcase classname="backend.tests.test_iteration47_marketing_eval_groups.TestMessageGroups" name="test_create_group_success" time="0.094"><failure message="AssertionError: Need 2 other users; found 0&#10;assert 0 &gt;= 2&#10; +  where 0 = len([])">backend/tests/test_iteration47_marketing_eval_groups.py:185: in test_create_group_success
    assert len(other_ids) &gt;= 2, f"Need 2 other users; found {len(other_ids)}"
E   AssertionError: Need 2 other users; found 0
E   assert 0 &gt;= 2
E    +  where 0 = len([])</failure></testcase><testcase classname="backend.tests.test_iteration47_marketing_eval_groups.TestMessageGroups" name="test_list_groups_visible" time="0.099"><failure message="AssertionError: assert None in ['51af4cc9-46d0-4e09-8418-1d69b706cfae']&#10; +  where None = TestMessageGroups.created_group_id">backend/tests/test_iteration47_marketing_eval_groups.py:202: in test_list_groups_visible
    assert TestMessageGroups.created_group_id in ids
E   AssertionError: assert None in ['51af4cc9-46d0-4e09-8418-1d69b706cfae']
E    +  where None = TestMessageGroups.created_group_id</failure></testcase><testcase classname="backend.tests.test_iteration47_marketing_eval_groups.TestMessageGroups" name="test_post_message_and_read" time="0.149"><failure message="AssertionError: {&quot;detail&quot;:&quot;İcazə yoxdur&quot;}&#10;assert 403 == 200&#10; +  where 403 = &lt;Response [403]&gt;.status_code">backend/tests/test_iteration47_marketing_eval_groups.py:208: in test_post_message_and_read
    assert r.status_code == 200, r.text
E   AssertionError: {"detail":"İcazə yoxdur"}
E   assert 403 == 200
E    +  where 403 = &lt;Response [403]&gt;.status_code</failure></testcase><testcase classname="backend.tests.test_iteration47_marketing_eval_groups.TestMessageGroups" name="test_non_member_cannot_read_or_post" time="0.222"><failure message="StopIteration">backend/tests/test_iteration47_marketing_eval_groups.py:221: in test_non_member_cannot_read_or_post
    group = next(x for x in g if x["id"] == gid)
            ^^^^^^^^^^^^^^^^^^^^^^^^^^^^^^^^^^^^
E   StopIteration</failure></testcase><testcase classname="backend.tests.test_iteration47_marketing_eval_groups.TestMessageGroups" name="test_update_group_forbidden_for_non_member" time="0.104"><failure message="assert 404 == 403&#10; +  where 404 = &lt;Response [404]&gt;.status_code">backend/tests/test_iteration47_marketing_eval_groups.py:235: in test_update_group_forbidden_for_non_member
    assert r.status_code == 403
E   assert 404 == 403
E    +  where 404 = &lt;Response [404]&gt;.status_code</failure></testcase><testcase classname="backend.tests.test_iteration47_marketing_eval_groups.TestMessageGroups" name="test_delete_group_only_creator" time="0.100"><failure message="assert 404 == 403&#10; +  where 404 = &lt;Response [404]&gt;.status_code">backend/tests/test_iteration47_marketing_eval_groups.py:241: in test_delete_group_only_creator
    assert r.status_code == 403
E   assert 404 == 403
E    +  where 404 = &lt;Response [404]&gt;.status_code</failure></testcase><testcase classname="backend.tests.test_iteration47_marketing_eval_groups.TestMessageGroups" name="test_delete_by_creator" time="0.105"><failure message="assert 404 == 200&#10; +  where 404 = &lt;Response [404]&gt;.status_code">backend/tests/test_iteration47_marketing_eval_groups.py:246: in test_delete_by_creator
    assert r.status_code == 200
E   assert 404 == 200
E    +  where 404 = &lt;Response [404]&gt;.status_code</failure></testcase></testsuite></testsuites>