<?xml version="1.0" encoding="utf-8"?><testsuites name="pytest tests"><testsuite name="pytest" errors="0" failures="0" skipped="0" tests="20" time="9.269" timestamp="2026-05-06T10:47:19.708878+00:00" hostname="agent-env-d7bc7a7e-7db0-44b8-b3ea-b59bddd2de3e"><testcase classname="backend.tests.test_iteration47_marketing_eval_groups.TestMailchimp" name="test_ping_ok" time="0.680" /><testcase classname="backend.tests.test_iteration47_marketing_eval_groups.TestMailchimp" name="test_ping_admin_only" time="0.448" /><testcase classname="backend.tests.test_iteration47_marketing_eval_groups.TestMailchimp" name="test_audiences" time="0.524" /><testcase classname="backend.tests.test_iteration47_marketing_eval_groups.TestMailchimp" name="test_campaigns_list" time="2.302" /><testcase classname="backend.tests.test_iteration47_marketing_eval_groups.TestMailchimp" name="test_create_campaign_validation" time="0.102" /><testcase classname="backend.tests.test_iteration47_marketing_eval_groups.TestMailchimp" name="test_create_campaign_draft" time="2.537" /><testcase classname="backend.tests.test_iteration47_marketing_eval_groups.TestMailchimp" name="test_sync_companies_structure" time="0.127" /><testcase classname="backend.tests.test_iteration47_marketing_eval_groups.TestPartnerEvaluation" name="test_list" time="0.111" /><testcase classname="backend.tests.test_iteration47_marketing_eval_groups.TestPartnerEvaluation" name="test_single" time="0.225" /><testcase classname="backend.tests.test_iteration47_marketing_eval_groups.TestPartnerEvaluation" name="test_single_404" time="0.110" /><testcase classname="backend.tests.test_iteration47_marketing_eval_groups.TestPartnerEvaluation" name="test_manual_bonus_clamp" time="0.429" /><testcase classname="backend.tests.test_iteration47_marketing_eval_groups.TestPartnerEvaluation" name="test_manual_bonus_admin_only" time="0.106" /><testcase classname="backend.tests.test_iteration47_marketing_eval_groups.TestMessageGroups" name="test_create_group_requires_min_2_members" time="0.107" /><testcase classname="backend.tests.test_iteration47_marketing_eval_groups.TestMessageGroups" name="test_create_group_success" time="0.337" /><testcase classname="backend.tests.test_iteration47_marketing_eval_groups.TestMessageGroups" name="test_list_groups_visible" time="0.103" /><testcase classname="backend.tests.test_iteration47_marketing_eval_groups.TestMessageGroups" name="test_post_message_and_read" time="0.219" /><testcase classname="backend.tests.test_iteration47_marketing_eval_groups.TestMessageGroups" name="test_non_member_cannot_read_or_post" time="0.407" /><testcase classname="backend.tests.test_iteration47_marketing_eval_groups.TestMessageGroups" name="test_update_group_forbidden_for_non_member" time="0.102" /><testcase classname="backend.tests.test_iteration47_marketing_eval_groups.TestMessageGroups" name="test_delete_group_only_creator" time="0.109" /><testcase classname="backend.tests.test_iteration47_marketing_eval_groups.TestMessageGroups" name="test_delete_by_creator" time="0.129" /></testsuite></testsuites>