<?xml version="1.0" encoding="utf-8"?><testsuites name="pytest tests"><testsuite name="pytest" errors="0" failures="0" skipped="0" tests="7" time="7.324" timestamp="2026-07-15T13:38:50.076470+00:00" hostname="agent-env-d7bc7a7e-7db0-44b8-b3ea-b59bddd2de3e"><testcase classname="backend.tests.test_iteration70_assembly_task_visibility.TestScenarioA_CreatorSelfAssigned" name="test_creator_sees_own_assembly_task" time="2.774" /><testcase classname="backend.tests.test_iteration70_assembly_task_visibility.TestScenarioB_NonCreatorAssignee" name="test_non_creator_sees_task" time="0.330" /><testcase classname="backend.tests.test_iteration70_assembly_task_visibility.TestScenarioC_MultiAssigneeListMatch" name="test_three_assignees_all_see" time="0.622" /><testcase classname="backend.tests.test_iteration70_assembly_task_visibility.TestScenarioD_UpdateResync" name="test_update_assembly_resyncs_tasks" time="0.741" /><testcase classname="backend.tests.test_iteration70_assembly_task_visibility.TestScenarioE_Notification" name="test_assignee_receives_notification" time="1.394" /><testcase classname="backend.tests.test_iteration70_assembly_task_visibility.TestScenarioF_TenantPropagation" name="test_marsol_company_propagated" time="0.313" /><testcase classname="backend.tests.test_iteration70_assembly_task_visibility.TestRegression_RegularTasks" name="test_regular_task_visible_to_all_assignees" time="1.093" /></testsuite></testsuites>