<?xml version="1.0" encoding="utf-8"?><testsuites name="pytest tests"><testsuite name="pytest" errors="0" failures="0" skipped="0" tests="13" time="4.103" timestamp="2026-05-14T11:21:41.630728+00:00" hostname="agent-env-d7bc7a7e-7db0-44b8-b3ea-b59bddd2de3e"><testcase classname="backend.tests.test_iteration54_inventory.TestInventoryList" name="test_list_inventory_returns_array" time="0.659" /><testcase classname="backend.tests.test_iteration54_inventory.TestInventoryList" name="test_list_inventory_requires_auth" time="0.107" /><testcase classname="backend.tests.test_iteration54_inventory.TestInventoryCreate" name="test_create_inventory_item_success" time="0.116" /><testcase classname="backend.tests.test_iteration54_inventory.TestInventoryCreate" name="test_create_inventory_auto_display_id_format" time="0.128" /><testcase classname="backend.tests.test_iteration54_inventory.TestInventoryCreate" name="test_create_empty_asset_name_rejected" time="0.172" /><testcase classname="backend.tests.test_iteration54_inventory.TestInventoryUpdate" name="test_update_inventory_persists" time="0.349" /><testcase classname="backend.tests.test_iteration54_inventory.TestInventoryUpdate" name="test_update_unknown_id_returns_404" time="0.107" /><testcase classname="backend.tests.test_iteration54_inventory.TestInventoryDelete" name="test_delete_inventory_success" time="0.323" /><testcase classname="backend.tests.test_iteration54_inventory.TestInventoryDelete" name="test_delete_unknown_returns_404" time="0.145" /><testcase classname="backend.tests.test_iteration54_inventory.TestInventoryValueReport" name="test_value_report_structure_and_aggregation" time="0.309" /><testcase classname="backend.tests.test_iteration54_inventory.TestInventoryRBAC" name="test_sales_can_read_inventory" time="0.482" /><testcase classname="backend.tests.test_iteration54_inventory.TestInventoryRBAC" name="test_sales_cannot_write_inventory" time="0.118" /><testcase classname="backend.tests.test_iteration54_inventory.TestInventoryRBAC" name="test_sales_cannot_access_value_report_write_path" time="1.019" /></testsuite></testsuites>