<?xml version="1.0" encoding="utf-8"?><testsuites name="pytest tests"><testsuite name="pytest" errors="0" failures="0" skipped="0" tests="7" time="2.240" timestamp="2026-05-05T13:23:36.363299+00:00" hostname="agent-env-d7bc7a7e-7db0-44b8-b3ea-b59bddd2de3e"><testcase classname="backend.tests.test_iteration42_sales_leads_curator.TestSalesLeadsOptions" name="test_curators_list_returned" time="0.500" /><testcase classname="backend.tests.test_iteration42_sales_leads_curator.TestSalesLeadsOptions" name="test_sales_leads_options_endpoint_missing" time="0.053" /><testcase classname="backend.tests.test_iteration42_sales_leads_curator.TestCreateLeadWithCurator" name="test_lead_is_created_with_id_and_code" time="0.119" /><testcase classname="backend.tests.test_iteration42_sales_leads_curator.TestCreateLeadWithCurator" name="test_curator_from_payload_is_persisted" time="0.110" /><testcase classname="backend.tests.test_iteration42_sales_leads_curator.TestUpdateLeadCurator" name="test_put_updates_curator" time="0.290" /><testcase classname="backend.tests.test_iteration42_sales_leads_curator.TestContactToLeadSourceList" name="test_convert_contact_sets_source_contact_list_name" time="0.359" /><testcase classname="backend.tests.test_iteration42_sales_leads_curator.TestStatusUzvOlduPropagation" name="test_uzv_oldu_creates_company_with_curator_and_source_list" time="0.747" /></testsuite></testsuites>