<?xml version="1.0" encoding="utf-8"?><testsuites name="pytest tests"><testsuite name="pytest" errors="0" failures="0" skipped="0" tests="12" time="5.394" timestamp="2026-05-14T12:46:51.746645+00:00" hostname="agent-env-d7bc7a7e-7db0-44b8-b3ea-b59bddd2de3e"><testcase classname="backend.tests.test_iteration56_inventory_declining_balance.TestDepreciableAssetsRegistry" name="test_get_seeds_six_defaults" time="0.631" /><testcase classname="backend.tests.test_iteration56_inventory_declining_balance.TestDepreciableAssetsRegistry" name="test_crud_and_rate_clamp_and_duplicate" time="0.669" /><testcase classname="backend.tests.test_iteration56_inventory_declining_balance.TestInventoryCategoriesRegistry" name="test_get_seeds_six_defaults_with_prefix" time="0.148" /><testcase classname="backend.tests.test_iteration56_inventory_declining_balance.TestInventoryCategoriesRegistry" name="test_crud_prefix_uppercased_and_truncated" time="0.383" /><testcase classname="backend.tests.test_iteration56_inventory_declining_balance.TestInventoryAutoFields" name="test_post_rate_autofilled_from_registry" time="0.250" /><testcase classname="backend.tests.test_iteration56_inventory_declining_balance.TestInventoryAutoFields" name="test_post_autogenerates_code_from_category_prefix" time="0.924" /><testcase classname="backend.tests.test_iteration56_inventory_declining_balance.TestInventoryAutoFields" name="test_put_changes_depreciable_asset_refreshes_rate" time="0.336" /><testcase classname="backend.tests.test_iteration56_inventory_declining_balance.TestInventoryAutoFields" name="test_marsol_company_persists_on_inventory" time="0.489" /><testcase classname="backend.tests.test_iteration56_inventory_declining_balance.TestDecliningBalanceMath" name="test_two_full_years_1000_at_25pct" time="0.252" /><testcase classname="backend.tests.test_iteration56_inventory_declining_balance.TestDecliningBalanceMath" name="test_declining_balance_stops_at_zero" time="0.270" /><testcase classname="backend.tests.test_iteration56_inventory_declining_balance.TestDecliningBalanceMath" name="test_straight_line_fallback_when_no_rate_but_useful_life" time="0.234" /><testcase classname="backend.tests.test_iteration56_inventory_declining_balance.TestUsersMarsolCompany" name="test_create_update_get_user_marsol_company" time="0.726" /></testsuite></testsuites>