<?xml version="1.0" encoding="utf-8"?><testsuites name="pytest tests"><testsuite name="pytest" errors="0" failures="0" skipped="0" tests="9" time="3.925" timestamp="2026-05-15T13:40:26.193478+00:00" hostname="agent-env-d7bc7a7e-7db0-44b8-b3ea-b59bddd2de3e"><testcase classname="backend.tests.test_iteration59_messages_files_groups.TestConversations" name="test_group_conversation_creation" time="0.823" /><testcase classname="backend.tests.test_iteration59_messages_files_groups.TestConversations" name="test_legacy_single_participant_creates_1to1" time="0.109" /><testcase classname="backend.tests.test_iteration59_messages_files_groups.TestConversations" name="test_empty_participant_ids_returns_400" time="0.110" /><testcase classname="backend.tests.test_iteration59_messages_files_groups.TestMessages" name="test_send_text_message" time="0.301" /><testcase classname="backend.tests.test_iteration59_messages_files_groups.TestMessages" name="test_send_attachment_only_updates_preview_to_filename" time="0.272" /><testcase classname="backend.tests.test_iteration59_messages_files_groups.TestMessages" name="test_send_neither_text_nor_attachment_returns_400" time="0.117" /><testcase classname="backend.tests.test_iteration59_messages_files_groups.TestFilesUpdate" name="test_update_file_description" time="0.987" /><testcase classname="backend.tests.test_iteration59_messages_files_groups.TestFilesUpdate" name="test_update_file_empty_body_returns_400" time="0.132" /><testcase classname="backend.tests.test_iteration59_messages_files_groups.TestFilesUpdate" name="test_update_nonexistent_file_returns_404" time="1.007" /></testsuite></testsuites>