<?xml version="1.0" encoding="utf-8"?><testsuites name="pytest tests"><testsuite name="pytest" errors="0" failures="1" skipped="0" tests="22" time="53.887" timestamp="2026-05-06T19:54:47.567408+00:00" hostname="agent-env-d7bc7a7e-7db0-44b8-b3ea-b59bddd2de3e"><testcase classname="backend.tests.test_iteration49_obligations_partnereval_smsrbac.TestObligationsDashboard" name="test_dashboard_returns_200_under_5s" time="3.222" /><testcase classname="backend.tests.test_iteration49_obligations_partnereval_smsrbac.TestObligationsDashboard" name="test_dashboard_year_filter" time="2.044" /><testcase classname="backend.tests.test_iteration49_obligations_partnereval_smsrbac.TestObligationsDashboard" name="test_dashboard_obligations_shape" time="0.212" /><testcase classname="backend.tests.test_iteration49_obligations_partnereval_smsrbac.TestObligationsDashboard" name="test_company_obligation_detail" time="1.764" /><testcase classname="backend.tests.test_iteration49_obligations_partnereval_smsrbac.TestPartnerEvaluation" name="test_list_returns_200_under_5s" time="7.515"><failure message="AssertionError: Partner-eval too slow: 7.51s&#10;assert 7.513946533203125 &lt; 5.0">backend/tests/test_iteration49_obligations_partnereval_smsrbac.py:146: in test_list_returns_200_under_5s
    assert dt &lt; 5.0, f"Partner-eval too slow: {dt:.2f}s"
E   AssertionError: Partner-eval too slow: 7.51s
E   assert 7.513946533203125 &lt; 5.0</failure></testcase><testcase classname="backend.tests.test_iteration49_obligations_partnereval_smsrbac.TestPartnerEvaluation" name="test_items_have_score_components_and_tier" time="0.618" /><testcase classname="backend.tests.test_iteration49_obligations_partnereval_smsrbac.TestPartnerEvaluation" name="test_get_one_partner_evaluation" time="2.987" /><testcase classname="backend.tests.test_iteration49_obligations_partnereval_smsrbac.TestPartnerEvaluation" name="test_manual_bonus_admin_clamps" time="3.945" /><testcase classname="backend.tests.test_iteration49_obligations_partnereval_smsrbac.TestPartnerEvaluation" name="test_manual_bonus_forbidden_non_admin" time="2.932" /><testcase classname="backend.tests.test_iteration49_obligations_partnereval_smsrbac.TestSmsRbacAdminAndNonAdmin" name="test_admin_can_read_balance" time="0.949" /><testcase classname="backend.tests.test_iteration49_obligations_partnereval_smsrbac.TestSmsRbacAdminAndNonAdmin" name="test_admin_can_read_templates" time="1.759" /><testcase classname="backend.tests.test_iteration49_obligations_partnereval_smsrbac.TestSmsRbacAdminAndNonAdmin" name="test_admin_can_read_logs" time="3.295" /><testcase classname="backend.tests.test_iteration49_obligations_partnereval_smsrbac.TestSmsRbacAdminAndNonAdmin" name="test_admin_can_read_logs_stats" time="0.235" /><testcase classname="backend.tests.test_iteration49_obligations_partnereval_smsrbac.TestSmsRbacAdminAndNonAdmin" name="test_non_admin_balance_forbidden" time="1.251" /><testcase classname="backend.tests.test_iteration49_obligations_partnereval_smsrbac.TestSmsRbacAdminAndNonAdmin" name="test_non_admin_templates_forbidden" time="0.188" /><testcase classname="backend.tests.test_iteration49_obligations_partnereval_smsrbac.TestSmsRbacAdminAndNonAdmin" name="test_non_admin_logs_forbidden" time="0.424" /><testcase classname="backend.tests.test_iteration49_obligations_partnereval_smsrbac.TestSmsRbacAdminAndNonAdmin" name="test_non_admin_logs_stats_forbidden" time="0.719" /><testcase classname="backend.tests.test_iteration49_obligations_partnereval_smsrbac.TestSmsRbacAdminAndNonAdmin" name="test_non_admin_send_forbidden" time="2.041" /><testcase classname="backend.tests.test_iteration49_obligations_partnereval_smsrbac.TestSmsRbacAdminAndNonAdmin" name="test_non_admin_bulk_forbidden" time="1.013" /><testcase classname="backend.tests.test_iteration49_obligations_partnereval_smsrbac.TestSmsRbacAdminAndNonAdmin" name="test_admin_send_logs_failure" time="0.945" /><testcase classname="backend.tests.test_iteration49_obligations_partnereval_smsrbac.TestSmsRbacCustomRoles" name="test_sms_read_role_can_read_cannot_write" time="3.740" /><testcase classname="backend.tests.test_iteration49_obligations_partnereval_smsrbac.TestSmsRbacCustomRoles" name="test_sms_write_role_can_write" time="11.978" /></testsuite></testsuites>