<?xml version="1.0" encoding="utf-8"?><testsuites name="pytest tests"><testsuite name="pytest" errors="0" failures="0" skipped="0" tests="7" time="1.853" timestamp="2026-05-15T14:22:05.525354+00:00" hostname="agent-env-d7bc7a7e-7db0-44b8-b3ea-b59bddd2de3e"><testcase classname="backend.tests.test_iteration60_org_contacts_layout.TestLayoutTypes" name="test_layout_types_present" time="0.666" /><testcase classname="backend.tests.test_iteration60_org_contacts_layout.TestVenuesContacts" name="test_create_venue_with_contacts" time="0.196" /><testcase classname="backend.tests.test_iteration60_org_contacts_layout.TestVenuesContacts" name="test_get_venue_verifies_contacts" time="0.318" /><testcase classname="backend.tests.test_iteration60_org_contacts_layout.TestVenuesContacts" name="test_update_venue_contacts" time="0.227" /><testcase classname="backend.tests.test_iteration60_org_contacts_layout.TestVenuesContacts" name="test_delete_venue" time="0.135" /><testcase classname="backend.tests.test_iteration60_org_contacts_layout.TestCateringContacts" name="test_create_catering_with_contacts" time="0.144" /><testcase classname="backend.tests.test_iteration60_org_contacts_layout.TestCateringContacts" name="test_cleanup_catering" time="0.120" /></testsuite></testsuites>