<?xml version="1.0" encoding="utf-8"?><testsuites name="pytest tests"><testsuite name="pytest" errors="0" failures="0" skipped="0" tests="10" time="7.374" timestamp="2026-05-18T18:08:05.567194+00:00" hostname="agent-env-d7bc7a7e-7db0-44b8-b3ea-b59bddd2de3e"><testcase classname="backend.tests.test_iteration62_invitation_templates.TestListTemplates" name="test_list_returns_array_with_all_spec_event_types" time="0.694" /><testcase classname="backend.tests.test_iteration62_invitation_templates.TestUpdateAndReset" name="test_put_empty_body_rejected" time="0.174" /><testcase classname="backend.tests.test_iteration62_invitation_templates.TestUpdateAndReset" name="test_put_non_admin_forbidden" time="0.539" /><testcase classname="backend.tests.test_iteration62_invitation_templates.TestUpdateAndReset" name="test_put_admin_success_and_persisted" time="0.266" /><testcase classname="backend.tests.test_iteration62_invitation_templates.TestUpdateAndReset" name="test_delete_resets_to_default" time="0.336" /><testcase classname="backend.tests.test_iteration62_invitation_templates.TestGenerateCardUsesTemplate" name="test_generate_card_no_url_in_whatsapp_text" time="2.313" /><testcase classname="backend.tests.test_iteration62_invitation_templates.TestGenerateCardUsesTemplate" name="test_png_uses_custom_template_text" time="2.413" /><testcase classname="backend.tests.test_iteration62_invitation_templates.TestRegression" name="test_auth_login" time="0.349" /><testcase classname="backend.tests.test_iteration62_invitation_templates.TestRegression" name="test_events_list" time="0.110" /><testcase classname="backend.tests.test_iteration62_invitation_templates.TestRegression" name="test_invitations_list" time="0.115" /></testsuite></testsuites>