<?xml version="1.0" encoding="utf-8"?><testsuites name="pytest tests"><testsuite name="pytest" errors="0" failures="0" skipped="0" tests="8" time="2.697" timestamp="2026-08-03T11:43:20.656057+00:00" hostname="agent-env-d7bc7a7e-7db0-44b8-b3ea-b59bddd2de3e"><testcase classname="backend.tests.test_iteration77_new_contract.TestNewContract" name="test_happy_path" time="0.945" /><testcase classname="backend.tests.test_iteration77_new_contract.TestNewContract" name="test_docx_swap" time="0.088" /><testcase classname="backend.tests.test_iteration77_new_contract.TestNewContract" name="test_invoice_xlsx" time="0.153" /><testcase classname="backend.tests.test_iteration77_new_contract.TestNewContract" name="test_stand_plan" time="0.088" /><testcase classname="backend.tests.test_iteration77_new_contract.TestNewContract" name="test_duplicate_allowed" time="0.410" /><testcase classname="backend.tests.test_iteration77_new_contract.TestNewContract" name="test_missing_company" time="0.045" /><testcase classname="backend.tests.test_iteration77_new_contract.TestNewContract" name="test_missing_contract_number" time="0.044" /><testcase classname="backend.tests.test_iteration77_new_contract.TestNewContract" name="test_addendum_regression" time="0.685" /></testsuite></testsuites>