<?xml version="1.0" encoding="utf-8"?><testsuites name="pytest tests"><testsuite name="pytest" errors="0" failures="0" skipped="0" tests="3" time="3.034" timestamp="2026-05-12T08:28:52.003348+00:00" hostname="agent-env-d7bc7a7e-7db0-44b8-b3ea-b59bddd2de3e"><testcase classname="backend.tests.test_iteration51_dashboard_rbac.TestDashboardRBAC" name="test_admin_dashboard_stats_200" time="0.623" /><testcase classname="backend.tests.test_iteration51_dashboard_rbac.TestDashboardRBAC" name="test_nodash_user_dashboard_403" time="0.883" /><testcase classname="backend.tests.test_iteration51_dashboard_rbac.TestDashboardRBAC" name="test_dashread_user_dashboard_200" time="1.477" /></testsuite></testsuites>