<?xml version="1.0" encoding="utf-8"?><testsuites name="pytest tests"><testsuite name="pytest" errors="0" failures="0" skipped="0" tests="9" time="4.691" timestamp="2026-05-14T13:09:28.263631+00:00" hostname="agent-env-d7bc7a7e-7db0-44b8-b3ea-b59bddd2de3e"><testcase classname="backend.tests.test_iteration57_media_upload_social_platforms.TestSocialPlatforms" name="test_list_seeds_defaults" time="0.691" /><testcase classname="backend.tests.test_iteration57_media_upload_social_platforms.TestSocialPlatforms" name="test_post_create_and_duplicate_400" time="0.667" /><testcase classname="backend.tests.test_iteration57_media_upload_social_platforms.TestSocialPlatforms" name="test_put_update" time="0.528" /><testcase classname="backend.tests.test_iteration57_media_upload_social_platforms.TestSocialPlatforms" name="test_delete" time="0.431" /><testcase classname="backend.tests.test_iteration57_media_upload_social_platforms.TestSocialPlatforms" name="test_post_empty_name_400" time="0.126" /><testcase classname="backend.tests.test_iteration57_media_upload_social_platforms.TestVenueMediaArrays" name="test_venue_photos_array_persists" time="0.445" /><testcase classname="backend.tests.test_iteration57_media_upload_social_platforms.TestVenueMediaArrays" name="test_venue_legacy_multiline_string_still_loads" time="0.373" /><testcase classname="backend.tests.test_iteration57_media_upload_social_platforms.TestVenueMediaArrays" name="test_venue_update_photos_array" time="0.378" /><testcase classname="backend.tests.test_iteration57_media_upload_social_platforms.TestUploadEndpoint" name="test_upload_returns_url" time="0.982" /></testsuite></testsuites>