<?xml version="1.0" encoding="utf-8"?><testsuites name="pytest tests"><testsuite name="pytest" errors="0" failures="0" skipped="0" tests="3" time="3.221" timestamp="2026-08-03T12:08:15.793701+00:00" hostname="agent-env-d7bc7a7e-7db0-44b8-b3ea-b59bddd2de3e"><testcase classname="backend.tests.test_iteration78_new_contract_pricing.TestPricingAndFormat" name="test_pricing_15000" time="1.869" /><testcase classname="backend.tests.test_iteration78_new_contract_pricing.TestPricingAndFormat" name="test_pricing_5500_two_phase" time="0.981" /><testcase classname="backend.tests.test_iteration78_new_contract_pricing.TestPricingAndFormat" name="test_addendum_regression" time="0.283" /></testsuite></testsuites>