<?xml version="1.0" encoding="utf-8"?><testsuites name="pytest tests"><testsuite name="pytest" errors="0" failures="1" skipped="0" tests="4" time="1.627" timestamp="2026-05-13T09:54:47.923371+00:00" hostname="agent-env-d7bc7a7e-7db0-44b8-b3ea-b59bddd2de3e"><testcase classname="backend.tests.test_iteration53_partner_eval_delete_inv" name="test_import_obligation_overrides_for_up_holding" time="0.721" /><testcase classname="backend.tests.test_iteration53_partner_eval_delete_inv" name="test_partner_evaluation_has_display_id_and_event_score" time="0.207" /><testcase classname="backend.tests.test_iteration53_partner_eval_delete_inv" name="test_partner_evaluation_zero_event_for_no_invites" time="0.112"><failure message="AssertionError: Expected at least one company with event score=0&#10;assert []">backend/tests/test_iteration53_partner_eval_delete_inv.py:84: in test_partner_evaluation_zero_event_for_no_invites
    assert zero, "Expected at least one company with event score=0"
E   AssertionError: Expected at least one company with event score=0
E   assert []</failure></testcase><testcase classname="backend.tests.test_iteration53_partner_eval_delete_inv" name="test_delete_invitation_endpoint" time="0.337" /></testsuite></testsuites>