<?xml version="1.0" encoding="utf-8"?><testsuites name="pytest tests"><testsuite name="pytest" errors="0" failures="4" skipped="0" tests="7" time="2.833" timestamp="2026-05-05T13:20:42.680540+00:00" hostname="agent-env-d7bc7a7e-7db0-44b8-b3ea-b59bddd2de3e"><testcase classname="backend.tests.test_iteration42_sales_leads_curator.TestSalesLeadsOptions" name="test_curators_list_returned" time="0.622" /><testcase classname="backend.tests.test_iteration42_sales_leads_curator.TestSalesLeadsOptions" name="test_sales_leads_options_endpoint_missing" time="0.078"><failure message="AssertionError: Unexpected response: 200 {&quot;sectors&quot;:[&quot;Qeyri qida&quot;,&quot;İnşaat&quot;,&quot;Təhsil&quot;,&quot;Qida&quot;,&quot;İKT&quot;,&quot;Mətbəə&quot;],&quot;packages&quot;:[&quot;Premium&quot;,&quot;Business&quot;,&quot;Business Plus&quot;,&quot;Sponsor&quot;],&quot;packages_with_prices&quot;:[{&quot;name&quot;:&quot;Premium&quot;,&quot;price&quot;:2000},{&quot;name&quot;:&quot;Business&quot;,&quot;price&quot;:2800},{&quot;name&quot;:&quot;Business Plus&quot;,&quot;price&quot;:4500},{&quot;name&quot;:&quot;Sponsor&quot;,&quot;price&quot;:8000}],&quot;company_sizes&quot;:[&quot;Böyük&quot;,&quot;Orta&quot;,&quot;Kiçik&quot;,&quot;Mikro&quot;],&quot;marsol_representatives&quot;:[&quot;Test User 218edb43&quot;,&quot;frontend_test&quot;,&quot;nijatsattar&quot;,&quot;admin&quot;,&quot;Test User c7f5927e&quot;,&quot;test&quot;,&quot;mobile&quot;,&quot;mobile2&quot;,&quot;Test User e5ccff8d&quot;,&quot;admi&quot;,&quot;final&quot;,&quot;marsol&quot;,&quot;fulltest&quot;,&quot;API Test&quot;,&quot;mobilefix&quot;,&quot;Test User 91e4b412&quot;,&quot;Test User 1f782858&quot;,&quot;Frontend Test User&quot;,&quot;Settings Admin&quot;,&quot;demo&quot;,&quot;Fərdi Rəcəbli&quot;,&quot;Satış Test&quot;,&quot;salam&quot;,&quot;Mühasib Test&quot;,&quot;Menecer 1&quot;,&quot;menecer 2&quot;],&quot;projects&quot;:[&quot;Test&quot;,&quot;Forum 2026&quot;,&quot;Sərgi&quot;,&quot;Üzvlük&quot;,&quot;Tur&quot;,&quot;Təlim&quot;],&quot;departments&quot;:[&quot;Satış&quot;,&quot;Marketing&quot;,&quot;HR&quot;,&quot;Maliyyə&quot;,&quot;Layihə&quot;,&quot;İT&quot;,&quot;İdarəetmə&quot;],&quot;meeting_types&quot;:[&quot;Satış görüşü&quot;,&quot;Daxili iclas&quot;,&quot;Müştəri görüşü&quot;,&quot;Partnyor görüşü&quot;,&quot;Təqdimat&quot;],&quot;task_statuses&quot;:[&quot;Gözləyir&quot;,&quot;İcrada&quot;,&quot;Tamamlandı&quot;,&quot;Ləğv edildi&quot;],&quot;priorities&quot;:[&quot;Yüksək&quot;,&quot;Orta&quot;,&quot;Aşağı&quot;],&quot;expense_categories&quot;:[{&quot;name&quot;:&quot;Əməliyyat xərcləri&quot;,&quot;subcategories&quot;:[&quot;Əmək haqqı&quot;,&quot;Bonus&quot;,&quot;Ofis icarəsi&quot;,&quot;Kommunal&quot;,&quot;Ofis xərcləri&quot;]},{&quot;name&quot;:&quot;Marketinq xərcləri&quot;,&quot;subcategories&quot;:[&quot;Sosial Media reklamı&quot;,&quot;Outdoor reklam&quot;,&quot;Promo materiallar&quot;]},{&quot;name&quot;:&quot;Layihə xərcləri&quot;,&quot;subcategories&quot;:[&quot;Məkan icarəsi&quot;,&quot;Texniki avadanlıq&quot;,&quot;Aparıcı&quot;,&quot;Musiqi&quot;,&quot;Çap materialları&quot;]},{&quot;name&quot;:&quot;Texniki xərclər&quot;,&quot;subcategories&quot;:[&quot;Hosting&quot;,&quot;Domen&quot;,&quot;Proqram təminatı&quot;,&quot;İT xidmətləri&quot;]},{&quot;name&quot;:&quot;Satış xərcləri&quot;,&quot;subcategories&quot;:[&quot;Müştəri görüş xərcləri&quot;,&quot;Hədiyyə&quot;]},{&quot;name&quot;:&quot;Digər xərclər&quot;,&quot;subcategories&quot;:[&quot;Cərimələr&quot;,&quot;Hüquqi xidmətlər&quot;]}],&quot;expense_types&quot;:[&quot;Əməliyyat&quot;,&quot;Marketinq&quot;,&quot;Layihə&quot;,&quot;Texniki&quot;,&quot;Satış&quot;,&quot;Digər&quot;],&quot;reference_sources&quot;:[&quot;Şirkət&quot;,&quot;Şəxs&quot;,&quot;Media&quot;,&quot;Digər&quot;],&quot;statuses&quot;:[&quot;Aktiv&quot;,&quot;Qeyri-aktiv&quot;,&quot;Gözləmədə&quot;],&quot;company_statuses&quot;:[&quot;Aktiv&quot;,&quot;Qeyri-aktiv&quot;,&quot;Gözləmədə&quot;],&quot;contract_statuses&quot;:[&quot;Aktiv&quot;,&quot;Yeni&quot;,&quot;Yeniləmə gözlənir&quot;,&quot;Bitdi&quot;,&quot;Ləğv edilib&quot;],&quot;citizenships&quot;:[&quot;Azərbaycan&quot;,&quot;Türkiyə&quot;,&quot;Rusiya&quot;,&quot;Gürcüstan&quot;,&quot;Ukrayna&quot;,&quot;Digər&quot;],&quot;employee_statuses&quot;:[&quot;Aktiv&quot;,&quot;Məzuniyyətdə&quot;,&quot;Xəstələnib&quot;,&quot;İşdən çıxıb&quot;],&quot;marital_statuses&quot;:[&quot;Subay&quot;,&quot;Evli&quot;,&quot;Boşanmış&quot;,&quot;Dul&quot;],&quot;payment_methods&quot;:[&quot;Nağd&quot;,&quot;Köçürmə&quot;,&quot;Kart&quot;,&quot;Hissə-hissə&quot;],&quot;invitation_response_statuses&quot;:[&quot;Gözləmədə&quot;,&quot;Qatıldı&quot;,&quot;Rədd etdi&quot;,&quot;Cavab vermədi&quot;],&quot;sub_sectors&quot;:{},&quot;positions&quot;:[&quot;Direktor&quot;,&quot;Təsisçi&quot;,&quot;Baş direktor&quot;,&quot;İcraçı direktor&quot;,&quot;Kommersiya direktoru&quot;,&quot;Maliyyə direktoru&quot;],&quot;activities&quot;:[&quot;Networking&quot;,&quot;Təlim&quot;,&quot;Sərgi&quot;,&quot;Forum&quot;,&quot;Mentorluq&quot;,&quot;İş birliyi&quot;],&quot;regions&quot;:[&quot;Bakı&quot;,&quot;Sumqayıt&quot;,&quot;Gəncə&quot;,&quot;Lənkəran&quot;,&quot;Mingəçevir&quot;,&quot;Şəki&quot;,&quot;Şirvan&quot;,&quot;Naxçıvan&quot;,&quot;Abşeron&quot;,&quot;Digər&quot;],&quot;marsol_companies&quot;:[&quot;Marsol Group&quot;,&quot;Marsol Events&quot;,&quot;Marsol Media&quot;,&quot;Marsol Academy&quot;],&quot;education_levels&quot;:[&quot;Orta təhsil&quot;,&quot;Sub bakalavr&quot;,&quot;Bakalavr&quot;,&quot;Magistratura&quot;,&quot;Doktorantura&quot;],&quot;event_types&quot;:[&quot;Konfrans&quot;,&quot;Seminar&quot;,&quot;Təlim&quot;,&quot;Sərgi&quot;,&quot;Networking&quot;,&quot;İclas&quot;],&quot;package_quotas&quot;:{&quot;Premium&quot;:12,&quot;Business&quot;:15,&quot;Business Plus&quot;:25,&quot;Sponsor&quot;:40},&quot;lead_sources&quot;:[&quot;Marketing&quot;,&quot;Referans&quot;,&quot;Sosial media&quot;,&quot;Veb sayt&quot;,&quot;Sərgi&quot;,&quot;Soyuq zəng&quot;,&quot;Digər&quot;],&quot;lead_statuses&quot;:[&quot;Yeni&quot;,&quot;Əlaqə quruldu&quot;,&quot;Görüş təyin edildi&quot;,&quot;Təklif göndərildi&quot;,&quot;Danışıqda&quot;,&quot;Üzv oldu&quot;,&quot;Satıldı&quot;,&quot;İmtina&quot;],&quot;sale_types&quot;:[&quot;Üzvlük&quot;,&quot;Sərgi stendi&quot;,&quot;Tur (Daxili)&quot;,&quot;Tur (Xarici)&quot;,&quot;Təlim&quot;,&quot;Digər&quot;]}&#10;assert 200 in (404, 405)&#10; +  where 200 = &lt;Response [200]&gt;.status_code">backend/tests/test_iteration42_sales_leads_curator.py:54: in test_sales_leads_options_endpoint_missing
    assert r.status_code in (404, 405), (
E   AssertionError: Unexpected response: 200 {"sectors":["Qeyri qida","İnşaat","Təhsil","Qida","İKT","Mətbəə"],"packages":["Premium","Business","Business Plus","Sponsor"],"packages_with_prices":[{"name":"Premium","price":2000},{"name":"Business","price":2800},{"name":"Business Plus","price":4500},{"name":"Sponsor","price":8000}],"company_sizes":["Böyük","Orta","Kiçik","Mikro"],"marsol_representatives":["Test User 218edb43","frontend_test","nijatsattar","admin","Test User c7f5927e","test","mobile","mobile2","Test User e5ccff8d","admi","final","marsol","fulltest","API Test","mobilefix","Test User 91e4b412","Test User 1f782858","Frontend Test User","Settings Admin","demo","Fərdi Rəcəbli","Satış Test","salam","Mühasib Test","Menecer 1","menecer 2"],"projects":["Test","Forum 2026","Sərgi","Üzvlük","Tur","Təlim"],"departments":["Satış","Marketing","HR","Maliyyə","Layihə","İT","İdarəetmə"],"meeting_types":["Satış görüşü","Daxili iclas","Müştəri görüşü","Partnyor görüşü","Təqdimat"],"task_statuses":["Gözləyir","İcrada","Tamamlandı","Ləğv edildi"],"priorities":["Yüksək","Orta","Aşağı"],"expense_categories":[{"name":"Əməliyyat xərcləri","subcategories":["Əmək haqqı","Bonus","Ofis icarəsi","Kommunal","Ofis xərcləri"]},{"name":"Marketinq xərcləri","subcategories":["Sosial Media reklamı","Outdoor reklam","Promo materiallar"]},{"name":"Layihə xərcləri","subcategories":["Məkan icarəsi","Texniki avadanlıq","Aparıcı","Musiqi","Çap materialları"]},{"name":"Texniki xərclər","subcategories":["Hosting","Domen","Proqram təminatı","İT xidmətləri"]},{"name":"Satış xərcləri","subcategories":["Müştəri görüş xərcləri","Hədiyyə"]},{"name":"Digər xərclər","subcategories":["Cərimələr","Hüquqi xidmətlər"]}],"expense_types":["Əməliyyat","Marketinq","Layihə","Texniki","Satış","Digər"],"reference_sources":["Şirkət","Şəxs","Media","Digər"],"statuses":["Aktiv","Qeyri-aktiv","Gözləmədə"],"company_statuses":["Aktiv","Qeyri-aktiv","Gözləmədə"],"contract_statuses":["Aktiv","Yeni","Yeniləmə gözlənir","Bitdi","Ləğv edilib"],"citizenships":["Azərbaycan","Türkiyə","Rusiya","Gürcüstan","Ukrayna","Digər"],"employee_statuses":["Aktiv","Məzuniyyətdə","Xəstələnib","İşdən çıxıb"],"marital_statuses":["Subay","Evli","Boşanmış","Dul"],"payment_methods":["Nağd","Köçürmə","Kart","Hissə-hissə"],"invitation_response_statuses":["Gözləmədə","Qatıldı","Rədd etdi","Cavab vermədi"],"sub_sectors":{},"positions":["Direktor","Təsisçi","Baş direktor","İcraçı direktor","Kommersiya direktoru","Maliyyə direktoru"],"activities":["Networking","Təlim","Sərgi","Forum","Mentorluq","İş birliyi"],"regions":["Bakı","Sumqayıt","Gəncə","Lənkəran","Mingəçevir","Şəki","Şirvan","Naxçıvan","Abşeron","Digər"],"marsol_companies":["Marsol Group","Marsol Events","Marsol Media","Marsol Academy"],"education_levels":["Orta təhsil","Sub bakalavr","Bakalavr","Magistratura","Doktorantura"],"event_types":["Konfrans","Seminar","Təlim","Sərgi","Networking","İclas"],"package_quotas":{"Premium":12,"Business":15,"Business Plus":25,"Sponsor":40},"lead_sources":["Marketing","Referans","Sosial media","Veb sayt","Sərgi","Soyuq zəng","Digər"],"lead_statuses":["Yeni","Əlaqə quruldu","Görüş təyin edildi","Təklif göndərildi","Danışıqda","Üzv oldu","Satıldı","İmtina"],"sale_types":["Üzvlük","Sərgi stendi","Tur (Daxili)","Tur (Xarici)","Təlim","Digər"]}
E   assert 200 in (404, 405)
E    +  where 200 = &lt;Response [200]&gt;.status_code</failure></testcase><testcase classname="backend.tests.test_iteration42_sales_leads_curator.TestCreateLeadWithCurator" name="test_lead_is_created_with_id_and_code" time="0.141" /><testcase classname="backend.tests.test_iteration42_sales_leads_curator.TestCreateLeadWithCurator" name="test_curator_from_payload_is_persisted" time="0.130"><failure message="AssertionError: Expected curator='Test User 218edb43', got 'Settings Admin'. POST /sales-leads is ignoring payload curator.&#10;assert 'Settings Admin' == 'Test User 218edb43'&#10;  &#10;  - Test User 218edb43&#10;  + Settings Admin">backend/tests/test_iteration42_sales_leads_curator.py:99: in test_curator_from_payload_is_persisted
    assert found.get("curator") == created_lead["chosen_curator"], (
E   AssertionError: Expected curator='Test User 218edb43', got 'Settings Admin'. POST /sales-leads is ignoring payload curator.
E   assert 'Settings Admin' == 'Test User 218edb43'
E     
E     - Test User 218edb43
E     + Settings Admin</failure></testcase><testcase classname="backend.tests.test_iteration42_sales_leads_curator.TestUpdateLeadCurator" name="test_put_updates_curator" time="0.330" /><testcase classname="backend.tests.test_iteration42_sales_leads_curator.TestContactToLeadSourceList" name="test_convert_contact_sets_source_contact_list_name" time="0.432"><failure message="AssertionError: assert '' == 'TEST_LIST_574d4c'&#10;  &#10;  - TEST_LIST_574d4c">backend/tests/test_iteration42_sales_leads_curator.py:180: in test_convert_contact_sets_source_contact_list_name
    assert lead.get("source_contact_list_name") == list_name
E   AssertionError: assert '' == 'TEST_LIST_574d4c'
E     
E     - TEST_LIST_574d4c</failure></testcase><testcase classname="backend.tests.test_iteration42_sales_leads_curator.TestStatusUzvOlduPropagation" name="test_uzv_oldu_creates_company_with_curator_and_source_list" time="1.001"><failure message="AssertionError: assert '' == 'TEST_LIST_806f43'&#10;  &#10;  - TEST_LIST_806f43">backend/tests/test_iteration42_sales_leads_curator.py:249: in test_uzv_oldu_creates_company_with_curator_and_source_list
    assert match.get("source_contact_list_name") == list_name
E   AssertionError: assert '' == 'TEST_LIST_806f43'
E     
E     - TEST_LIST_806f43</failure></testcase></testsuite></testsuites>