<?xml version="1.0" encoding="utf-8"?><testsuites name="pytest tests"><testsuite name="pytest" errors="0" failures="0" skipped="0" tests="11" time="9.945" timestamp="2026-05-19T12:46:42.539503+00:00" hostname="agent-env-d7bc7a7e-7db0-44b8-b3ea-b59bddd2de3e"><testcase classname="backend.tests.test_iteration64_tasks_meetings_scope.TestBulkDelete" name="test_admin_bulk_delete_archives_and_deletes" time="0.974" /><testcase classname="backend.tests.test_iteration64_tasks_meetings_scope.TestBulkDelete" name="test_non_admin_can_only_delete_own" time="1.249" /><testcase classname="backend.tests.test_iteration64_tasks_meetings_scope.TestTaskComments" name="test_comment_create_list_delete" time="1.596" /><testcase classname="backend.tests.test_iteration64_tasks_meetings_scope.TestTaskComments" name="test_comment_triggers_notification_to_other_stakeholders" time="1.161" /><testcase classname="backend.tests.test_iteration64_tasks_meetings_scope.TestTaskUpdateNotification" name="test_update_triggers_task_updated_for_assignee" time="1.297" /><testcase classname="backend.tests.test_iteration64_tasks_meetings_scope.TestMeetingSingleShared" name="test_accepted_request_creates_one_shared_meeting" time="0.767" /><testcase classname="backend.tests.test_iteration64_tasks_meetings_scope.TestFilesScope" name="test_files_own_scope_does_not_leak" time="1.606" /><testcase classname="backend.tests.test_iteration64_tasks_meetings_scope.TestNoteShared" name="test_note_share_notifies_recipient" time="0.811" /><testcase classname="backend.tests.test_iteration64_tasks_meetings_scope.TestRegression" name="test_invitation_templates_list" time="0.141" /><testcase classname="backend.tests.test_iteration64_tasks_meetings_scope.TestRegression" name="test_meetings_list" time="0.124" /><testcase classname="backend.tests.test_iteration64_tasks_meetings_scope.TestRegression" name="test_messages_unread_count" time="0.135" /></testsuite></testsuites>