<?xml version="1.0" encoding="utf-8"?><testsuites name="pytest tests"><testsuite name="pytest" errors="0" failures="0" skipped="0" tests="7" time="5.524" timestamp="2026-05-14T14:11:45.372218+00:00" hostname="agent-env-d7bc7a7e-7db0-44b8-b3ea-b59bddd2de3e"><testcase classname="backend.tests.test_iteration58_meeting_requests_cities.TestCitiesSeed" name="test_cities_in_manageable_lists" time="0.558" /><testcase classname="backend.tests.test_iteration58_meeting_requests_cities.TestMeetingRequests" name="test_create_empty_recipients_returns_400" time="0.114" /><testcase classname="backend.tests.test_iteration58_meeting_requests_cities.TestMeetingRequests" name="test_create_request_and_notification" time="1.958" /><testcase classname="backend.tests.test_iteration58_meeting_requests_cities.TestMeetingRequests" name="test_non_recipient_cannot_respond_returns_403" time="0.308" /><testcase classname="backend.tests.test_iteration58_meeting_requests_cities.TestMeetingRequests" name="test_accept_creates_meetings_for_all" time="0.852" /><testcase classname="backend.tests.test_iteration58_meeting_requests_cities.TestMeetingRequests" name="test_reject_sets_status_and_no_meeting" time="0.695" /><testcase classname="backend.tests.test_iteration58_meeting_requests_cities.TestMeetingRequests" name="test_invalid_action_returns_400" time="0.971" /></testsuite></testsuites>