<?xml version="1.0" encoding="utf-8"?><testsuites name="pytest tests"><testsuite name="pytest" errors="0" failures="0" skipped="0" tests="7" time="3.596" timestamp="2026-07-15T14:44:19.387970+00:00" hostname="agent-env-d7bc7a7e-7db0-44b8-b3ea-b59bddd2de3e"><testcase classname="backend.tests.test_lead_sources_sync" name="test_put_custom_syncs_both" time="1.048" /><testcase classname="backend.tests.test_lead_sources_sync" name="test_put_empty_returns_empty_both" time="0.403" /><testcase classname="backend.tests.test_lead_sources_sync" name="test_delete_doc_returns_defaults_both" time="0.234" /><testcase classname="backend.tests.test_lead_sources_sync" name="test_manageable_lists_includes_new_keys" time="0.113" /><testcase classname="backend.tests.test_lead_sources_sync" name="test_sale_types_sync" time="0.494" /><testcase classname="backend.tests.test_lead_sources_sync" name="test_lead_statuses_sync" time="0.620" /><testcase classname="backend.tests.test_lead_sources_sync" name="test_meeting_types_settings_endpoint" time="0.565" /></testsuite></testsuites>