<?xml version="1.0" encoding="utf-8"?><testsuites name="pytest tests"><testsuite name="pytest" errors="0" failures="3" skipped="0" tests="26" time="7.153" timestamp="2026-04-19T17:08:42.455737+00:00" hostname="agent-env-592928f4-8c73-414f-aff7-b755c4eac302"><testcase classname="backend.tests.test_iteration24_organization_activities.TestAuth" name="test_admin_login" time="0.355" /><testcase classname="backend.tests.test_iteration24_organization_activities.TestAuth" name="test_accountant_login" time="0.342" /><testcase classname="backend.tests.test_iteration24_organization_activities.TestDashboard" name="test_dashboard_stats_structure" time="0.113" /><testcase classname="backend.tests.test_iteration24_organization_activities.TestInvalidModule" name="test_invalid_module_404" time="0.103" /><testcase classname="backend.tests.test_iteration24_organization_activities.TestVendorCRUD" name="test_vendor_crud[venues]" time="0.342" /><testcase classname="backend.tests.test_iteration24_organization_activities.TestVendorCRUD" name="test_vendor_crud[catering]" time="0.366" /><testcase classname="backend.tests.test_iteration24_organization_activities.TestVendorCRUD" name="test_vendor_crud[decor]" time="0.369" /><testcase classname="backend.tests.test_iteration24_organization_activities.TestVendorCRUD" name="test_vendor_crud[musicians]" time="0.345" /><testcase classname="backend.tests.test_iteration24_organization_activities.TestVendorCRUD" name="test_vendor_crud[photovideo]" time="0.342" /><testcase classname="backend.tests.test_iteration24_organization_activities.TestVendorCRUD" name="test_vendor_crud[transport]" time="0.412" /><testcase classname="backend.tests.test_iteration24_organization_activities.TestVendorCRUD" name="test_vendor_crud[materials]" time="0.485" /><testcase classname="backend.tests.test_iteration24_organization_activities.TestRatings" name="test_create_target_venue" time="0.122" /><testcase classname="backend.tests.test_iteration24_organization_activities.TestRatings" name="test_create_high_rating" time="0.131" /><testcase classname="backend.tests.test_iteration24_organization_activities.TestRatings" name="test_create_second_rating" time="0.116" /><testcase classname="backend.tests.test_iteration24_organization_activities.TestRatings" name="test_ratings_list" time="0.106" /><testcase classname="backend.tests.test_iteration24_organization_activities.TestRatings" name="test_ratings_summary_recommends" time="0.145" /><testcase classname="backend.tests.test_iteration24_organization_activities.TestRatings" name="test_venues_list_has_rating_avg" time="0.104" /><testcase classname="backend.tests.test_iteration24_organization_activities.TestRatings" name="test_low_rating_not_recommended" time="0.539" /><testcase classname="backend.tests.test_iteration24_organization_activities.TestCascadeDelete" name="test_cascade_delete_on_vendor_removal" time="0.469" /><testcase classname="backend.tests.test_iteration24_organization_activities.TestRBAC" name="test_accountant_cannot_create_venue" time="0.124" /><testcase classname="backend.tests.test_iteration24_organization_activities.TestRBAC" name="test_accountant_cannot_create_rating" time="0.109" /><testcase classname="backend.tests.test_iteration24_organization_activities.TestRBAC" name="test_accountant_can_read_dashboard" time="0.116" /><testcase classname="backend.tests.test_iteration24_organization_activities.TestRegression" name="test_barter_list" time="0.105"><failure message="assert 404 == 200&#10; +  where 404 = &lt;Response [404]&gt;.status_code">backend/tests/test_iteration24_organization_activities.py:268: in test_barter_list
    assert r.status_code == 200
E   assert 404 == 200
E    +  where 404 = &lt;Response [404]&gt;.status_code</failure></testcase><testcase classname="backend.tests.test_iteration24_organization_activities.TestRegression" name="test_attendance_list" time="0.113" /><testcase classname="backend.tests.test_iteration24_organization_activities.TestRegression" name="test_projects_list" time="0.116"><failure message="assert 404 == 200&#10; +  where 404 = &lt;Response [404]&gt;.status_code">backend/tests/test_iteration24_organization_activities.py:276: in test_projects_list
    assert r.status_code == 200
E   assert 404 == 200
E    +  where 404 = &lt;Response [404]&gt;.status_code</failure></testcase><testcase classname="backend.tests.test_iteration24_organization_activities.TestRegression" name="test_contact_lists" time="1.059"><failure message="assert 404 == 200&#10; +  where 404 = &lt;Response [404]&gt;.status_code">backend/tests/test_iteration24_organization_activities.py:280: in test_contact_lists
    assert r.status_code == 200
E   assert 404 == 200
E    +  where 404 = &lt;Response [404]&gt;.status_code</failure></testcase></testsuite></testsuites>