<?xml version="1.0" encoding="utf-8"?><testsuites name="pytest tests"><testsuite name="pytest" errors="0" failures="0" skipped="0" tests="13" time="5.675" timestamp="2026-04-11T08:09:31.387446+00:00" hostname="agent-env-79042c1f-8922-4050-80f8-3454bcb67388"><testcase classname="backend.tests.test_iteration16_dashboard_history.TestIteration16Features" name="test_dashboard_stats_returns_events_data" time="0.513" /><testcase classname="backend.tests.test_iteration16_dashboard_history.TestIteration16Features" name="test_dashboard_stats_returns_invitations_data" time="0.414" /><testcase classname="backend.tests.test_iteration16_dashboard_history.TestIteration16Features" name="test_dashboard_stats_invitations_by_type_structure" time="0.450" /><testcase classname="backend.tests.test_iteration16_dashboard_history.TestIteration16Features" name="test_dashboard_stats_events_by_type_structure" time="0.394" /><testcase classname="backend.tests.test_iteration16_dashboard_history.TestIteration16Features" name="test_get_packages_returns_invitation_count" time="0.370" /><testcase classname="backend.tests.test_iteration16_dashboard_history.TestIteration16Features" name="test_create_package_with_invitation_count" time="0.462" /><testcase classname="backend.tests.test_iteration16_dashboard_history.TestIteration16Features" name="test_update_package_invitation_count" time="0.464" /><testcase classname="backend.tests.test_iteration16_dashboard_history.TestIteration16Features" name="test_options_returns_package_quotas" time="0.382" /><testcase classname="backend.tests.test_iteration16_dashboard_history.TestIteration16Features" name="test_package_quotas_reflect_database_values" time="0.464" /><testcase classname="backend.tests.test_iteration16_dashboard_history.TestIteration16Features" name="test_obligations_dashboard_endpoint" time="0.386" /><testcase classname="backend.tests.test_iteration16_dashboard_history.TestIteration16Features" name="test_invitations_endpoint" time="0.370" /><testcase classname="backend.tests.test_iteration16_dashboard_history.TestIteration16Features" name="test_events_endpoint" time="0.403" /><testcase classname="backend.tests.test_iteration16_dashboard_history.TestIteration16Features" name="test_default_package_quotas_exist" time="0.406" /></testsuite></testsuites>