<?xml version="1.0" encoding="utf-8"?><testsuites name="pytest tests"><testsuite name="pytest" errors="0" failures="0" skipped="0" tests="10" time="4.485" timestamp="2026-04-23T19:38:03.393261+00:00" hostname="agent-env-1bcd5a1b-0f84-47d9-be70-e35724add1ac"><testcase classname="backend.tests.test_iteration27_payments_totalprice.TestProjectEventTotalPrice" name="test_post_saves_total_price_and_price_per_sqm" time="1.183" /><testcase classname="backend.tests.test_iteration27_payments_totalprice.TestProjectEventTotalPrice" name="test_post_tur_total_price_persisted" time="0.115" /><testcase classname="backend.tests.test_iteration27_payments_totalprice.TestLeadPayment" name="test_invalid_lead_payment_404" time="0.102" /><testcase classname="backend.tests.test_iteration27_payments_totalprice.TestLeadPayment" name="test_invalid_lead_payments_get_404" time="0.161" /><testcase classname="backend.tests.test_iteration27_payments_totalprice.TestLeadPayment" name="test_post_payment_appends_history_and_updates_paid" time="0.181" /><testcase classname="backend.tests.test_iteration27_payments_totalprice.TestLeadPayment" name="test_post_second_payment_accumulates" time="0.109" /><testcase classname="backend.tests.test_iteration27_payments_totalprice.TestLeadPayment" name="test_get_payments_returns_history_array" time="0.153" /><testcase classname="backend.tests.test_iteration27_payments_totalprice.TestLeadPayment" name="test_post_meta_only_no_amount_doesnt_add_history" time="0.311" /><testcase classname="backend.tests.test_iteration27_payments_totalprice.TestProjectSalesDebtAmount" name="test_sales_contain_debt_amount" time="0.121" /><testcase classname="backend.tests.test_iteration27_payments_totalprice.TestPaymentScopeOwn" name="test_sales_manager_own_scope_403_on_other_lead" time="1.930" /></testsuite></testsuites>