<?xml version="1.0" encoding="utf-8"?><testsuites name="pytest tests"><testsuite name="pytest" errors="0" failures="0" skipped="0" tests="14" time="4.043" timestamp="2026-04-09T18:33:35.523376+00:00" hostname="agent-env-6ecf7c4e-0590-4228-8243-198907a5590c"><testcase classname="backend.tests.test_iteration11_hr_enhanced.TestHREnhancedFeatures" name="test_01_create_employee_with_multiple_educations" time="0.663" /><testcase classname="backend.tests.test_iteration11_hr_enhanced.TestHREnhancedFeatures" name="test_02_create_employee_with_contract_fields" time="0.272" /><testcase classname="backend.tests.test_iteration11_hr_enhanced.TestHREnhancedFeatures" name="test_03_create_employee_with_indefinite_contract" time="0.330" /><testcase classname="backend.tests.test_iteration11_hr_enhanced.TestHREnhancedFeatures" name="test_04_create_employee_with_salary_fields" time="0.238" /><testcase classname="backend.tests.test_iteration11_hr_enhanced.TestHREnhancedFeatures" name="test_05_create_employee_with_certificate_scans" time="0.246" /><testcase classname="backend.tests.test_iteration11_hr_enhanced.TestHREnhancedFeatures" name="test_06_create_employee_with_position_change" time="0.236" /><testcase classname="backend.tests.test_iteration11_hr_enhanced.TestHREnhancedFeatures" name="test_07_create_employee_with_payment_system_isemuzd" time="0.249" /><testcase classname="backend.tests.test_iteration11_hr_enhanced.TestHREnhancedFeatures" name="test_08_get_employee_with_all_new_fields" time="0.126" /><testcase classname="backend.tests.test_iteration11_hr_enhanced.TestHREnhancedFeatures" name="test_09_update_employee_add_education" time="0.153" /><testcase classname="backend.tests.test_iteration11_hr_enhanced.TestHREnhancedFeatures" name="test_10_update_employee_contract_fields" time="0.133" /><testcase classname="backend.tests.test_iteration11_hr_enhanced.TestHREnhancedFeatures" name="test_11_cleanup_test_employee" time="0.107" /><testcase classname="backend.tests.test_iteration11_hr_enhanced.TestHREnhancedFieldsValidation" name="test_01_empty_educations_array" time="0.561" /><testcase classname="backend.tests.test_iteration11_hr_enhanced.TestHREnhancedFieldsValidation" name="test_02_empty_certificate_scans" time="0.285" /><testcase classname="backend.tests.test_iteration11_hr_enhanced.TestHREnhancedFieldsValidation" name="test_03_all_fields_comprehensive" time="0.352" /></testsuite></testsuites>