<?xml version="1.0" encoding="utf-8"?><testsuites name="pytest tests"><testsuite name="pytest" errors="0" failures="0" skipped="0" tests="8" time="4.611" timestamp="2026-04-23T19:10:17.235793+00:00" hostname="agent-env-1bcd5a1b-0f84-47d9-be70-e35724add1ac"><testcase classname="backend.tests.test_iteration26_project_sales.TestSalesLeadsNewFields" name="test_post_saves_new_fields" time="1.175" /><testcase classname="backend.tests.test_iteration26_project_sales.TestSalesLeadsNewFields" name="test_put_updates_new_fields" time="0.112" /><testcase classname="backend.tests.test_iteration26_project_sales.TestSalesLeadsNewFields" name="test_post_uzvluk_with_package" time="0.108" /><testcase classname="backend.tests.test_iteration26_project_sales.TestSalesLeadsNewFields" name="test_post_tur_with_participant_count" time="0.110" /><testcase classname="backend.tests.test_iteration26_project_sales.TestProjectSalesEndpoint" name="test_get_sales_invalid_event_404" time="0.138" /><testcase classname="backend.tests.test_iteration26_project_sales.TestProjectSalesEndpoint" name="test_sold_lead_appears_in_project_sales" time="0.483" /><testcase classname="backend.tests.test_iteration26_project_sales.TestProjectSalesEndpoint" name="test_tur_lead_not_in_sales_if_not_sold" time="0.125" /><testcase classname="backend.tests.test_iteration26_project_sales.TestScopeOwnFiltersSales" name="test_sales_manager_sees_only_own_when_scope_own" time="2.296" /></testsuite></testsuites>