<?xml version="1.0" encoding="utf-8"?><testsuites name="pytest tests"><testsuite name="pytest" errors="0" failures="0" skipped="0" tests="12" time="3.166" timestamp="2026-04-26T09:34:03.442554+00:00" hostname="agent-env-1bcd5a1b-0f84-47d9-be70-e35724add1ac"><testcase classname="backend.tests.test_iteration28_membership_lifecycle.TestMembersYearFilter" name="test_members_no_year_returns_all" time="0.698" /><testcase classname="backend.tests.test_iteration28_membership_lifecycle.TestMembersYearFilter" name="test_members_year_2025_includes_seed" time="0.314" /><testcase classname="backend.tests.test_iteration28_membership_lifecycle.TestMembersYearFilter" name="test_members_year_2030_excludes_seed" time="0.126" /><testcase classname="backend.tests.test_iteration28_membership_lifecycle.TestRenewMember" name="test_renew_carry_over_archives_and_carries_quota" time="0.222" /><testcase classname="backend.tests.test_iteration28_membership_lifecycle.TestRenewMember" name="test_after_renew_year_2025_uses_history" time="0.110" /><testcase classname="backend.tests.test_iteration28_membership_lifecycle.TestRenewMember" name="test_after_renew_year_2026_is_current" time="0.103" /><testcase classname="backend.tests.test_iteration28_membership_lifecycle.TestRenewMember" name="test_renew_without_carry_over_keeps_bonus" time="0.210" /><testcase classname="backend.tests.test_iteration28_membership_lifecycle.TestRenewMember" name="test_renew_404_for_unknown_member" time="0.105" /><testcase classname="backend.tests.test_iteration28_membership_lifecycle.TestRenewMember" name="test_renew_scope_own_returns_403" time="0.762" /><testcase classname="backend.tests.test_iteration28_membership_lifecycle.TestObligationsYearFilter" name="test_dashboard_year_filters_companies" time="0.128" /><testcase classname="backend.tests.test_iteration28_membership_lifecycle.TestObligationsYearFilter" name="test_dashboard_year_2030_empty_or_no_seed" time="0.121" /><testcase classname="backend.tests.test_iteration28_membership_lifecycle.TestObligationsYearFilter" name="test_company_obligation_year_2025" time="0.216" /></testsuite></testsuites>