<?xml version="1.0" encoding="utf-8"?><testsuites name="pytest tests"><testsuite name="pytest" errors="0" failures="0" skipped="0" tests="18" time="8.368" timestamp="2026-04-12T09:14:12.166935+00:00" hostname="agent-env-f084bfe5-6a32-4990-8a84-158443e6396e"><testcase classname="backend.tests.test_meetings.TestMeetingsModule" name="test_get_meetings_list" time="0.460" /><testcase classname="backend.tests.test_meetings.TestMeetingsModule" name="test_create_meeting_basic" time="0.466" /><testcase classname="backend.tests.test_meetings.TestMeetingsModule" name="test_create_meeting_with_reminders" time="0.444" /><testcase classname="backend.tests.test_meetings.TestMeetingsModule" name="test_get_meeting_by_id" time="0.450" /><testcase classname="backend.tests.test_meetings.TestMeetingsModule" name="test_update_meeting" time="0.437" /><testcase classname="backend.tests.test_meetings.TestMeetingsModule" name="test_update_meeting_reminders" time="0.526" /><testcase classname="backend.tests.test_meetings.TestMeetingsModule" name="test_delete_meeting" time="0.472" /><testcase classname="backend.tests.test_meetings.TestMeetingsModule" name="test_delete_meeting_removes_reminders" time="0.580" /><testcase classname="backend.tests.test_meetings.TestMeetingsModule" name="test_filter_by_meeting_type" time="0.571" /><testcase classname="backend.tests.test_meetings.TestMeetingsModule" name="test_filter_by_department" time="0.449" /><testcase classname="backend.tests.test_meetings.TestMeetingsModule" name="test_filter_by_employee" time="0.472" /><testcase classname="backend.tests.test_meetings.TestMeetingsModule" name="test_filter_by_date_range" time="0.523" /><testcase classname="backend.tests.test_meetings.TestMeetingsModule" name="test_notifications_endpoint" time="0.369" /><testcase classname="backend.tests.test_meetings.TestMeetingsModule" name="test_meeting_reminders_in_notifications" time="0.450" /><testcase classname="backend.tests.test_meetings.TestMeetingsModule" name="test_options_all_endpoint" time="0.367" /><testcase classname="backend.tests.test_meetings.TestMeetingsModule" name="test_employees_endpoint" time="0.372" /><testcase classname="backend.tests.test_meetings.TestMeetingsModule" name="test_online_meeting_mode" time="0.416" /><testcase classname="backend.tests.test_meetings.TestMeetingsModule" name="test_offline_meeting_mode" time="0.407" /></testsuite></testsuites>