<?xml version="1.0" encoding="utf-8"?><testsuites name="pytest tests"><testsuite name="pytest" errors="0" failures="0" skipped="0" tests="13" time="8.043" timestamp="2026-04-12T09:58:49.336645+00:00" hostname="agent-env-f084bfe5-6a32-4990-8a84-158443e6396e"><testcase classname="backend.tests.test_iteration20_assembly_restructured.TestAssemblyRestructured" name="test_create_assembly_with_nested_structure" time="0.718" /><testcase classname="backend.tests.test_iteration20_assembly_restructured.TestAssemblyRestructured" name="test_tasks_synced_after_create" time="0.642" /><testcase classname="backend.tests.test_iteration20_assembly_restructured.TestAssemblyRestructured" name="test_update_assembly_resyncs_tasks" time="0.818" /><testcase classname="backend.tests.test_iteration20_assembly_restructured.TestAssemblyRestructured" name="test_delete_assembly_removes_tasks" time="0.707" /><testcase classname="backend.tests.test_iteration20_assembly_restructured.TestAssemblyRestructured" name="test_department_filter" time="0.626" /><testcase classname="backend.tests.test_iteration20_assembly_restructured.TestAssemblyRestructured" name="test_date_range_filter" time="0.721" /><testcase classname="backend.tests.test_iteration20_assembly_restructured.TestAssemblyRestructured" name="test_existing_assembly_structure" time="0.428" /><testcase classname="backend.tests.test_iteration20_assembly_restructured.TestAssemblyRestructured" name="test_existing_assembly_tasks_in_tasks_module" time="0.554" /><testcase classname="backend.tests.test_iteration20_assembly_restructured.TestAssemblyRestructured" name="test_tasks_without_responsible_not_synced" time="0.618" /><testcase classname="backend.tests.test_iteration20_assembly_restructured.TestAssemblyEdgeCases" name="test_assembly_with_empty_agendas" time="0.645" /><testcase classname="backend.tests.test_iteration20_assembly_restructured.TestAssemblyEdgeCases" name="test_assembly_with_agenda_no_tasks" time="0.622" /><testcase classname="backend.tests.test_iteration20_assembly_restructured.TestAssemblyEdgeCases" name="test_update_nonexistent_assembly" time="0.431" /><testcase classname="backend.tests.test_iteration20_assembly_restructured.TestAssemblyEdgeCases" name="test_delete_nonexistent_assembly" time="0.427" /></testsuite></testsuites>