<?xml version="1.0" encoding="utf-8"?><testsuites name="pytest tests"><testsuite name="pytest" errors="0" failures="0" skipped="0" tests="30" time="4.598" timestamp="2026-03-28T13:59:32.111990+00:00" hostname="agent-env-4b3520d5-82a2-48fd-9f51-6f9635a4fb27"><testcase classname="backend.tests.test_settings_finance.TestPackagesCRUD" name="test_get_packages" time="0.589" /><testcase classname="backend.tests.test_settings_finance.TestPackagesCRUD" name="test_create_package" time="0.115" /><testcase classname="backend.tests.test_settings_finance.TestPackagesCRUD" name="test_update_package" time="0.128" /><testcase classname="backend.tests.test_settings_finance.TestPackagesCRUD" name="test_delete_package" time="0.105" /><testcase classname="backend.tests.test_settings_finance.TestProjectsCRUD" name="test_get_projects" time="0.113" /><testcase classname="backend.tests.test_settings_finance.TestProjectsCRUD" name="test_create_project" time="0.114" /><testcase classname="backend.tests.test_settings_finance.TestProjectsCRUD" name="test_update_project" time="0.125" /><testcase classname="backend.tests.test_settings_finance.TestProjectsCRUD" name="test_delete_project" time="0.102" /><testcase classname="backend.tests.test_settings_finance.TestCustomFieldsCRUD" name="test_get_custom_fields" time="0.101" /><testcase classname="backend.tests.test_settings_finance.TestCustomFieldsCRUD" name="test_create_custom_field" time="0.125" /><testcase classname="backend.tests.test_settings_finance.TestCustomFieldsCRUD" name="test_create_select_field_with_options" time="0.228" /><testcase classname="backend.tests.test_settings_finance.TestCustomFieldsCRUD" name="test_update_custom_field" time="0.098" /><testcase classname="backend.tests.test_settings_finance.TestCustomFieldsCRUD" name="test_delete_custom_field" time="0.102" /><testcase classname="backend.tests.test_settings_finance.TestUserManagementCRUD" name="test_get_users" time="0.118" /><testcase classname="backend.tests.test_settings_finance.TestUserManagementCRUD" name="test_create_user" time="0.325" /><testcase classname="backend.tests.test_settings_finance.TestUserManagementCRUD" name="test_create_user_duplicate_email" time="0.141" /><testcase classname="backend.tests.test_settings_finance.TestUserManagementCRUD" name="test_update_user" time="0.099" /><testcase classname="backend.tests.test_settings_finance.TestUserManagementCRUD" name="test_update_user_password" time="0.332" /><testcase classname="backend.tests.test_settings_finance.TestUserManagementCRUD" name="test_delete_user" time="0.102" /><testcase classname="backend.tests.test_settings_finance.TestFinanceIncomesCRUD" name="test_get_incomes" time="0.103" /><testcase classname="backend.tests.test_settings_finance.TestFinanceIncomesCRUD" name="test_create_income" time="0.137" /><testcase classname="backend.tests.test_settings_finance.TestFinanceIncomesCRUD" name="test_update_income" time="0.103" /><testcase classname="backend.tests.test_settings_finance.TestFinanceIncomesCRUD" name="test_delete_income" time="0.139" /><testcase classname="backend.tests.test_settings_finance.TestFinanceExpensesCRUD" name="test_get_expenses" time="0.101" /><testcase classname="backend.tests.test_settings_finance.TestFinanceExpensesCRUD" name="test_create_expense" time="0.121" /><testcase classname="backend.tests.test_settings_finance.TestFinanceExpensesCRUD" name="test_update_expense" time="0.105" /><testcase classname="backend.tests.test_settings_finance.TestFinanceExpensesCRUD" name="test_delete_expense" time="0.111" /><testcase classname="backend.tests.test_settings_finance.TestFinanceSummary" name="test_get_finance_summary" time="0.102" /><testcase classname="backend.tests.test_settings_finance.TestOptionsEndpoints" name="test_get_companies_for_select" time="0.180" /><testcase classname="backend.tests.test_settings_finance.TestOptionsEndpoints" name="test_get_all_options" time="0.098" /></testsuite></testsuites>