<?xml version="1.0" encoding="utf-8"?><testsuites name="pytest tests"><testsuite name="pytest" errors="0" failures="0" skipped="0" tests="25" time="10.516" timestamp="2026-04-10T18:47:09.238007+00:00" hostname="agent-env-79042c1f-8922-4050-80f8-3454bcb67388"><testcase classname="tests.test_iteration14_organization_obligations.TestAuth" name="test_login_success" time="0.555" /><testcase classname="tests.test_iteration14_organization_obligations.TestEvents" name="test_get_events_list" time="0.449" /><testcase classname="tests.test_iteration14_organization_obligations.TestEvents" name="test_create_event" time="0.262" /><testcase classname="tests.test_iteration14_organization_obligations.TestEvents" name="test_create_office_visit_event" time="0.407" /><testcase classname="tests.test_iteration14_organization_obligations.TestEvents" name="test_get_event_by_id" time="0.313" /><testcase classname="tests.test_iteration14_organization_obligations.TestEvents" name="test_update_event" time="0.132" /><testcase classname="tests.test_iteration14_organization_obligations.TestEvents" name="test_get_event_types" time="0.119" /><testcase classname="tests.test_iteration14_organization_obligations.TestAutoSuggest" name="test_auto_suggest_companies" time="0.596" /><testcase classname="tests.test_iteration14_organization_obligations.TestAutoSuggest" name="test_auto_suggest_with_custom_count" time="0.152" /><testcase classname="tests.test_iteration14_organization_obligations.TestAutoSuggest" name="test_auto_suggest_excludes_already_invited" time="0.441" /><testcase classname="tests.test_iteration14_organization_obligations.TestInvitations" name="test_get_invitations_list" time="0.503" /><testcase classname="tests.test_iteration14_organization_obligations.TestInvitations" name="test_get_invitations_by_event" time="0.250" /><testcase classname="tests.test_iteration14_organization_obligations.TestInvitations" name="test_create_single_invitation" time="0.229" /><testcase classname="tests.test_iteration14_organization_obligations.TestInvitations" name="test_bulk_create_invitations" time="0.261" /><testcase classname="tests.test_iteration14_organization_obligations.TestInvitations" name="test_update_call_status_accepted" time="0.238" /><testcase classname="tests.test_iteration14_organization_obligations.TestInvitations" name="test_update_call_status_declined" time="0.247" /><testcase classname="tests.test_iteration14_organization_obligations.TestInvitations" name="test_update_call_status_no_answer" time="0.247" /><testcase classname="tests.test_iteration14_organization_obligations.TestInvitations" name="test_delete_invitation" time="0.385" /><testcase classname="tests.test_iteration14_organization_obligations.TestObligations" name="test_get_obligations_dashboard" time="0.491" /><testcase classname="tests.test_iteration14_organization_obligations.TestObligations" name="test_obligations_sorted_by_priority" time="0.121" /><testcase classname="tests.test_iteration14_organization_obligations.TestObligations" name="test_get_company_obligation_detail" time="0.259" /><testcase classname="tests.test_iteration14_organization_obligations.TestObligations" name="test_company_obligation_not_found" time="0.120" /><testcase classname="tests.test_iteration14_organization_obligations.TestObligationDeduction" name="test_obligation_deducted_on_answer" time="1.325" /><testcase classname="tests.test_iteration14_organization_obligations.TestObligationDeduction" name="test_obligation_not_deducted_on_no_answer" time="0.910" /><testcase classname="tests.test_iteration14_organization_obligations.TestCompaniesOptions" name="test_get_companies_options" time="1.336" /></testsuite></testsuites>