<?xml version="1.0" encoding="utf-8"?><testsuites name="pytest tests"><testsuite name="pytest" errors="0" failures="0" skipped="0" tests="16" time="7.297" timestamp="2026-04-12T09:43:23.530798+00:00" hostname="agent-env-f084bfe5-6a32-4990-8a84-158443e6396e"><testcase classname="backend.tests.test_iteration19_assemblies.TestAssemblyModule" name="test_get_assemblies_returns_list" time="0.507" /><testcase classname="backend.tests.test_iteration19_assemblies.TestAssemblyModule" name="test_get_assemblies_with_department_filter" time="0.467" /><testcase classname="backend.tests.test_iteration19_assemblies.TestAssemblyModule" name="test_create_assembly_with_all_fields" time="0.416" /><testcase classname="backend.tests.test_iteration19_assemblies.TestAssemblyModule" name="test_create_assembly_minimal_fields" time="0.442" /><testcase classname="backend.tests.test_iteration19_assemblies.TestAssemblyModule" name="test_create_assembly_auto_id_increments" time="0.498" /><testcase classname="backend.tests.test_iteration19_assemblies.TestAssemblyModule" name="test_get_assembly_by_id" time="0.513" /><testcase classname="backend.tests.test_iteration19_assemblies.TestAssemblyModule" name="test_update_assembly" time="0.520" /><testcase classname="backend.tests.test_iteration19_assemblies.TestAssemblyModule" name="test_update_assembly_verify_persistence" time="0.495" /><testcase classname="backend.tests.test_iteration19_assemblies.TestAssemblyModule" name="test_update_nonexistent_assembly_returns_404" time="0.366" /><testcase classname="backend.tests.test_iteration19_assemblies.TestAssemblyModule" name="test_delete_assembly" time="0.459" /><testcase classname="backend.tests.test_iteration19_assemblies.TestAssemblyModule" name="test_delete_nonexistent_assembly_returns_404" time="0.369" /><testcase classname="backend.tests.test_iteration19_assemblies.TestAssemblyModule" name="test_options_all_returns_departments" time="0.394" /><testcase classname="backend.tests.test_iteration19_assemblies.TestAssemblyModule" name="test_employees_endpoint_for_responsible_persons" time="0.399" /><testcase classname="backend.tests.test_iteration19_assemblies.TestAssemblyModule" name="test_assembly_with_multiple_agendas" time="0.461" /><testcase classname="backend.tests.test_iteration19_assemblies.TestAssemblyModule" name="test_assembly_with_multiple_decisions" time="0.456" /><testcase classname="backend.tests.test_iteration19_assemblies.TestAssemblyModule" name="test_assembly_with_all_array_fields" time="0.411" /></testsuite></testsuites>