<?xml version="1.0" encoding="utf-8"?><testsuites name="pytest tests"><testsuite name="pytest" errors="0" failures="0" skipped="0" tests="10" time="37.028" timestamp="2026-04-26T11:07:34.998832+00:00" hostname="agent-env-ca7e3410-d407-4413-96ab-dbe60672c576"><testcase classname="backend.tests.test_iteration32_system_sessions.TestSessionLifecycle" name="test_login_creates_session_row" time="23.007" /><testcase classname="backend.tests.test_iteration32_system_sessions.TestSessionLifecycle" name="test_heartbeat_updates_last_active" time="10.463" /><testcase classname="backend.tests.test_iteration32_system_sessions.TestSessionLifecycle" name="test_logout_closes_session_and_subsequent_state" time="1.919" /><testcase classname="backend.tests.test_iteration32_system_sessions.TestSystemSessionsRBAC" name="test_admin_can_read" time="0.105" /><testcase classname="backend.tests.test_iteration32_system_sessions.TestSystemSessionsRBAC" name="test_date_filter" time="0.104" /><testcase classname="backend.tests.test_iteration32_system_sessions.TestSystemSessionsRBAC" name="test_non_hr_user_forbidden" time="0.435" /><testcase classname="backend.tests.test_iteration32_system_sessions.TestSystemSessionsRBAC" name="test_no_token_unauthorized" time="0.177" /><testcase classname="backend.tests.test_iteration32_system_sessions.TestAttendanceRegression" name="test_get_attendance_list" time="0.101" /><testcase classname="backend.tests.test_iteration32_system_sessions.TestAttendanceRegression" name="test_attendance_stats" time="0.122" /><testcase classname="backend.tests.test_iteration32_system_sessions.TestAttendanceRegression" name="test_attendance_create_and_delete" time="0.530" /></testsuite></testsuites>