<?xml version="1.0" encoding="utf-8"?><testsuites name="pytest tests"><testsuite name="pytest" errors="0" failures="0" skipped="0" tests="18" time="12.404" timestamp="2026-03-28T18:53:34.017684+00:00" hostname="agent-env-4b3520d5-82a2-48fd-9f51-6f9635a4fb27"><testcase classname="backend.tests.test_iteration7_obligations.TestObligationsAPI" name="test_get_obligations_returns_list" time="0.548" /><testcase classname="backend.tests.test_iteration7_obligations.TestObligationsAPI" name="test_get_obligations_with_status_filter" time="0.455" /><testcase classname="backend.tests.test_iteration7_obligations.TestObligationsAPI" name="test_get_obligations_stats" time="0.470" /><testcase classname="backend.tests.test_iteration7_obligations.TestObligationsAPI" name="test_create_obligation" time="0.736" /><testcase classname="backend.tests.test_iteration7_obligations.TestObligationsAPI" name="test_create_obligation_all_types" time="4.055" /><testcase classname="backend.tests.test_iteration7_obligations.TestObligationsAPI" name="test_update_obligation" time="0.795" /><testcase classname="backend.tests.test_iteration7_obligations.TestObligationsAPI" name="test_update_status_to_completed_sets_completion_date" time="0.654" /><testcase classname="backend.tests.test_iteration7_obligations.TestObligationsAPI" name="test_update_nonexistent_obligation_returns_404" time="0.426" /><testcase classname="backend.tests.test_iteration7_obligations.TestObligationsAPI" name="test_delete_obligation" time="0.675" /><testcase classname="backend.tests.test_iteration7_obligations.TestObligationsAPI" name="test_delete_nonexistent_obligation_returns_404" time="0.420" /><testcase classname="backend.tests.test_iteration7_obligations.TestObligationsAPI" name="test_overdue_obligation_counted_in_stats" time="0.655" /><testcase classname="backend.tests.test_iteration7_obligations.TestObligationsAPI" name="test_completed_obligation_not_counted_as_overdue" time="0.700" /><testcase classname="backend.tests.test_iteration7_obligations.TestObligationsAPI" name="test_existing_obligations_in_db" time="0.441" /><testcase classname="backend.tests.test_iteration7_obligations.TestObligationsAuth" name="test_get_obligations_requires_auth" time="0.093" /><testcase classname="backend.tests.test_iteration7_obligations.TestObligationsAuth" name="test_get_obligations_stats_requires_auth" time="0.106" /><testcase classname="backend.tests.test_iteration7_obligations.TestObligationsAuth" name="test_post_obligations_requires_auth" time="0.188" /><testcase classname="backend.tests.test_iteration7_obligations.TestOptionsEndpoints" name="test_get_companies_for_select" time="0.473" /><testcase classname="backend.tests.test_iteration7_obligations.TestOptionsEndpoints" name="test_get_all_options_has_marsol_representatives" time="0.430" /></testsuite></testsuites>