<?xml version="1.0" encoding="utf-8"?><testsuites name="pytest tests"><testsuite name="pytest" errors="0" failures="0" skipped="0" tests="14" time="7.138" timestamp="2026-04-26T10:10:32.651973+00:00" hostname="agent-env-1bcd5a1b-0f84-47d9-be70-e35724add1ac"><testcase classname="backend.tests.test_iteration29_payment_method_form_approval.TestExpenseIncomePaymentMethod" name="test_expense_payment_method_persists" time="0.851" /><testcase classname="backend.tests.test_iteration29_payment_method_form_approval.TestExpenseIncomePaymentMethod" name="test_expense_other_methods[N\u0259\u011fd]" time="0.212" /><testcase classname="backend.tests.test_iteration29_payment_method_form_approval.TestExpenseIncomePaymentMethod" name="test_expense_other_methods[Posterminal]" time="0.213" /><testcase classname="backend.tests.test_iteration29_payment_method_form_approval.TestExpenseIncomePaymentMethod" name="test_expense_other_methods[CTC]" time="0.262" /><testcase classname="backend.tests.test_iteration29_payment_method_form_approval.TestExpenseIncomePaymentMethod" name="test_income_payment_method_persists" time="0.319" /><testcase classname="backend.tests.test_iteration29_payment_method_form_approval.TestCompanyPaymentMethod" name="test_company_payment_records_method" time="0.527" /><testcase classname="backend.tests.test_iteration29_payment_method_form_approval.TestSalesLeadPaymentMethod" name="test_sales_lead_payment_records_method" time="0.301" /><testcase classname="backend.tests.test_iteration29_payment_method_form_approval.TestPublicFormFlow" name="test_submit_writes_to_pending_only" time="0.613" /><testcase classname="backend.tests.test_iteration29_payment_method_form_approval.TestPublicFormFlow" name="test_notifications_include_form_submission" time="0.546" /><testcase classname="backend.tests.test_iteration29_payment_method_form_approval.TestPublicFormFlow" name="test_approve_form_moves_pending_to_real" time="0.635" /><testcase classname="backend.tests.test_iteration29_payment_method_form_approval.TestPublicFormFlow" name="test_reject_form_clears_pending_with_reason" time="0.643" /><testcase classname="backend.tests.test_iteration29_payment_method_form_approval.TestPublicFormFlow" name="test_approve_with_no_pending_returns_400" time="0.339" /><testcase classname="backend.tests.test_iteration29_payment_method_form_approval.TestPublicFormFlow" name="test_reject_with_no_pending_returns_400" time="0.313" /><testcase classname="backend.tests.test_iteration29_payment_method_form_approval.TestScopeOwnApprove" name="test_sales_own_scope_cannot_approve_admin_company" time="1.298" /></testsuite></testsuites>