<?xml version="1.0" encoding="utf-8"?><testsuites name="pytest tests"><testsuite name="pytest" errors="0" failures="0" skipped="0" tests="25" time="7.093" timestamp="2026-04-19T10:14:42.399567+00:00" hostname="agent-env-592928f4-8c73-414f-aff7-b755c4eac302"><testcase classname="backend.tests.test_iteration21_events_invitations_contactlists.TestAuth" name="test_admin_login" time="0.413" /><testcase classname="backend.tests.test_iteration21_events_invitations_contactlists.TestAuth" name="test_sales_login" time="0.357" /><testcase classname="backend.tests.test_iteration21_events_invitations_contactlists.TestAuth" name="test_accountant_login" time="0.332" /><testcase classname="backend.tests.test_iteration21_events_invitations_contactlists.TestProjectEvents" name="test_get_project_events" time="0.456" /><testcase classname="backend.tests.test_iteration21_events_invitations_contactlists.TestProjectEvents" name="test_create_project_event" time="0.112" /><testcase classname="backend.tests.test_iteration21_events_invitations_contactlists.TestProjectEvents" name="test_update_project_event" time="0.199" /><testcase classname="backend.tests.test_iteration21_events_invitations_contactlists.TestProjectEvents" name="test_guest_count_after_adding_invitations" time="0.512" /><testcase classname="backend.tests.test_iteration21_events_invitations_contactlists.TestEventInvitations" name="test_list_invitations" time="0.107" /><testcase classname="backend.tests.test_iteration21_events_invitations_contactlists.TestEventInvitations" name="test_filter_by_event_id" time="0.144" /><testcase classname="backend.tests.test_iteration21_events_invitations_contactlists.TestEventInvitations" name="test_status_transitions" time="0.318" /><testcase classname="backend.tests.test_iteration21_events_invitations_contactlists.TestEventInvitations" name="test_convert_invitation_to_lead" time="0.204" /><testcase classname="backend.tests.test_iteration21_events_invitations_contactlists.TestContactLists" name="test_get_lists" time="0.098" /><testcase classname="backend.tests.test_iteration21_events_invitations_contactlists.TestContactLists" name="test_create_list" time="0.114" /><testcase classname="backend.tests.test_iteration21_events_invitations_contactlists.TestContactLists" name="test_add_contact" time="0.245" /><testcase classname="backend.tests.test_iteration21_events_invitations_contactlists.TestContactLists" name="test_import_contacts" time="0.210" /><testcase classname="backend.tests.test_iteration21_events_invitations_contactlists.TestContactLists" name="test_import_empty_returns_400" time="0.149" /><testcase classname="backend.tests.test_iteration21_events_invitations_contactlists.TestContactLists" name="test_convert_contact_to_lead" time="0.108" /><testcase classname="backend.tests.test_iteration21_events_invitations_contactlists.TestRBAC" name="test_sales_can_create_event_invitation" time="0.553" /><testcase classname="backend.tests.test_iteration21_events_invitations_contactlists.TestRBAC" name="test_accountant_cannot_create_event_invitation" time="0.424" /><testcase classname="backend.tests.test_iteration21_events_invitations_contactlists.TestRBAC" name="test_accountant_cannot_create_contact_list" time="0.125" /><testcase classname="backend.tests.test_iteration21_events_invitations_contactlists.TestRBAC" name="test_sales_can_create_contact_list" time="0.101" /><testcase classname="backend.tests.test_iteration21_events_invitations_contactlists.TestRegressionObligations" name="test_obligations_dashboard_still_works" time="0.126" /><testcase classname="backend.tests.test_iteration21_events_invitations_contactlists.TestRegressionObligations" name="test_old_invitations_endpoint_still_works" time="0.109" /><testcase classname="backend.tests.test_iteration21_events_invitations_contactlists.TestCascadeAndCleanup" name="test_delete_event_cascades_invitations" time="0.509" /><testcase classname="backend.tests.test_iteration21_events_invitations_contactlists.TestCascadeAndCleanup" name="test_z_cleanup_created_data" time="0.986" /></testsuite></testsuites>