<?xml version="1.0" encoding="utf-8"?><testsuites name="pytest tests"><testsuite name="pytest" errors="0" failures="0" skipped="0" tests="12" time="7.853" timestamp="2026-04-23T18:02:42.782413+00:00" hostname="agent-env-1bcd5a1b-0f84-47d9-be70-e35724add1ac"><testcase classname="backend.tests.test_iteration25_scopes_and_sales_members" name="test_sales_members_returns_array" time="0.713" /><testcase classname="backend.tests.test_iteration25_scopes_and_sales_members" name="test_sales_members_admin" time="0.507" /><testcase classname="backend.tests.test_iteration25_scopes_and_sales_members" name="test_role_post_put_persists_scopes" time="0.526" /><testcase classname="backend.tests.test_iteration25_scopes_and_sales_members" name="test_role_default_scope_is_all_when_omitted" time="0.242" /><testcase classname="backend.tests.test_iteration25_scopes_and_sales_members" name="test_admin_sees_all_records" time="0.715" /><testcase classname="backend.tests.test_iteration25_scopes_and_sales_members" name="test_scope_own_filters_tasks" time="1.444" /><testcase classname="backend.tests.test_iteration25_scopes_and_sales_members" name="test_scope_own_filters_sales_leads" time="0.931" /><testcase classname="backend.tests.test_iteration25_scopes_and_sales_members" name="test_scope_own_filters_meetings" time="0.600" /><testcase classname="backend.tests.test_iteration25_scopes_and_sales_members" name="test_scope_own_filters_members" time="0.464" /><testcase classname="backend.tests.test_iteration25_scopes_and_sales_members" name="test_scope_own_filters_projects_and_assemblies" time="0.771" /><testcase classname="backend.tests.test_iteration25_scopes_and_sales_members" name="test_scope_all_returns_all_for_sales" time="0.490" /><testcase classname="backend.tests.test_iteration25_scopes_and_sales_members" name="test_create_task_sales_200" time="0.377" /></testsuite></testsuites>