<?xml version="1.0" encoding="utf-8"?><testsuites name="pytest tests"><testsuite name="pytest" errors="0" failures="0" skipped="0" tests="15" time="7.894" timestamp="2026-04-10T19:18:41.866049+00:00" hostname="agent-env-79042c1f-8922-4050-80f8-3454bcb67388"><testcase classname="backend.tests.test_iteration15_new_features.TestAuth" name="test_login_success" time="0.453" /><testcase classname="backend.tests.test_iteration15_new_features.TestEventLocationLink" name="test_create_event_with_location_link" time="0.517" /><testcase classname="backend.tests.test_iteration15_new_features.TestEventLocationLink" name="test_get_event_has_location_link" time="0.358" /><testcase classname="backend.tests.test_iteration15_new_features.TestEventLocationLink" name="test_update_event_location_link" time="0.374" /><testcase classname="backend.tests.test_iteration15_new_features.TestEventLocationLink" name="test_events_list_includes_location_link" time="0.140" /><testcase classname="backend.tests.test_iteration15_new_features.TestCompaniesWithPhones" name="test_companies_options_has_phone_fields" time="0.455" /><testcase classname="backend.tests.test_iteration15_new_features.TestSectorConflictPrevention" name="test_check_sector_conflict_endpoint_exists" time="0.990" /><testcase classname="backend.tests.test_iteration15_new_features.TestSectorConflictPrevention" name="test_sector_conflict_detection" time="0.374" /><testcase classname="backend.tests.test_iteration15_new_features.TestSectorConflictPrevention" name="test_no_conflict_different_sector" time="0.343" /><testcase classname="backend.tests.test_iteration15_new_features.TestSectorConflictPrevention" name="test_auto_suggest_filters_by_sector" time="0.652" /><testcase classname="backend.tests.test_iteration15_new_features.TestInvitationCallStatus" name="test_call_status_cavab_verdi_deducts_obligation" time="1.137" /><testcase classname="backend.tests.test_iteration15_new_features.TestInvitationCallStatus" name="test_call_status_cavab_vermedi_no_deduction" time="0.746" /><testcase classname="backend.tests.test_iteration15_new_features.TestEventCRUD" name="test_create_event" time="0.560" /><testcase classname="backend.tests.test_iteration15_new_features.TestEventCRUD" name="test_update_event" time="0.320" /><testcase classname="backend.tests.test_iteration15_new_features.TestEventCRUD" name="test_delete_event" time="0.386" /></testsuite></testsuites>