<?xml version="1.0" encoding="utf-8"?><testsuites name="pytest tests"><testsuite name="pytest" errors="0" failures="0" skipped="0" tests="15" time="12.470" timestamp="2026-04-30T13:39:51.992789+00:00" hostname="agent-env-ca7e3410-d407-4413-96ab-dbe60672c576"><testcase classname="backend.tests.test_iteration35_cloudinary_files.TestUploadsEndpoint" name="test_upload_image_to_marsol_files" time="2.121" /><testcase classname="backend.tests.test_iteration35_cloudinary_files.TestUploadsEndpoint" name="test_upload_raw_doc_resource_type" time="1.258" /><testcase classname="backend.tests.test_iteration35_cloudinary_files.TestUploadsEndpoint" name="test_upload_invalid_folder_returns_400" time="0.136" /><testcase classname="backend.tests.test_iteration35_cloudinary_files.TestUploadsEndpoint" name="test_upload_companies_folder_allowed" time="1.214" /><testcase classname="backend.tests.test_iteration35_cloudinary_files.TestUploadsEndpoint" name="test_upload_requires_auth" time="0.108" /><testcase classname="backend.tests.test_iteration35_cloudinary_files.TestUploadsEndpoint" name="test_max_upload_bytes_constant_is_25mb" time="0.001" /><testcase classname="backend.tests.test_iteration35_cloudinary_files.TestUploadDelete" name="test_delete_then_redelete_idempotent" time="1.441" /><testcase classname="backend.tests.test_iteration35_cloudinary_files.TestFilesModule" name="test_create_file_persists_metadata_and_get_returns_it" time="1.757" /><testcase classname="backend.tests.test_iteration35_cloudinary_files.TestFilesModule" name="test_create_file_missing_url_or_public_id_returns_400" time="0.137" /><testcase classname="backend.tests.test_iteration35_cloudinary_files.TestFilesModule" name="test_delete_unknown_file_returns_404" time="0.158" /><testcase classname="backend.tests.test_iteration35_cloudinary_files.TestFilesModule" name="test_sales_can_read_files" time="0.482" /><testcase classname="backend.tests.test_iteration35_cloudinary_files.TestFilesModule" name="test_sales_cannot_create_file_403" time="0.128" /><testcase classname="backend.tests.test_iteration35_cloudinary_files.TestFilesModule" name="test_sales_cannot_delete_file_403" time="1.415" /><testcase classname="backend.tests.test_iteration35_cloudinary_files.TestLegacyUpload" name="test_legacy_upload_returns_cloudinary_url" time="1.398" /><testcase classname="backend.tests.test_iteration35_cloudinary_files.TestLegacyUpload" name="test_public_upload_returns_cloudinary_url_no_auth" time="0.642" /></testsuite></testsuites>