<?xml version="1.0" encoding="utf-8"?><testsuites name="pytest tests"><testsuite name="pytest" errors="0" failures="0" skipped="0" tests="10" time="3.013" timestamp="2026-04-09T18:15:03.323853+00:00" hostname="agent-env-6ecf7c4e-0590-4228-8243-198907a5590c"><testcase classname="backend.tests.test_iteration10_hr_module.TestHRModuleEnhanced" name="test_01_create_employee_with_auto_code" time="0.686" /><testcase classname="backend.tests.test_iteration10_hr_module.TestHRModuleEnhanced" name="test_02_get_employee_returns_new_fields" time="0.164" /><testcase classname="backend.tests.test_iteration10_hr_module.TestHRModuleEnhanced" name="test_03_get_employees_list_returns_new_fields" time="0.107" /><testcase classname="backend.tests.test_iteration10_hr_module.TestHRModuleEnhanced" name="test_04_update_employee_with_new_fields" time="0.120" /><testcase classname="backend.tests.test_iteration10_hr_module.TestHRModuleEnhanced" name="test_05_verify_update_persisted" time="0.195" /><testcase classname="backend.tests.test_iteration10_hr_module.TestHRModuleEnhanced" name="test_06_employee_code_auto_increment" time="0.280" /><testcase classname="backend.tests.test_iteration10_hr_module.TestHRModuleEnhanced" name="test_07_filter_employees_by_department" time="0.167" /><testcase classname="backend.tests.test_iteration10_hr_module.TestHRModuleEnhanced" name="test_08_filter_employees_by_status" time="0.133" /><testcase classname="backend.tests.test_iteration10_hr_module.TestHRModuleEnhanced" name="test_99_cleanup_test_employee" time="0.226" /><testcase classname="backend.tests.test_iteration10_hr_module.TestUploadEndpoint" name="test_upload_endpoint_exists" time="0.801" /></testsuite></testsuites>