<?xml version="1.0" encoding="utf-8"?><testsuites name="pytest tests"><testsuite name="pytest" errors="0" failures="0" skipped="0" tests="27" time="7.079" timestamp="2026-03-28T18:45:03.926693+00:00" hostname="agent-env-4b3520d5-82a2-48fd-9f51-6f9635a4fb27"><testcase classname="backend.tests.test_iteration6_phase5.TestAuth" name="test_login_success" time="0.451" /><testcase classname="backend.tests.test_iteration6_phase5.TestSalesModule" name="test_get_leads" time="0.543" /><testcase classname="backend.tests.test_iteration6_phase5.TestSalesModule" name="test_get_sales_stats" time="0.147" /><testcase classname="backend.tests.test_iteration6_phase5.TestSalesModule" name="test_create_lead" time="0.116" /><testcase classname="backend.tests.test_iteration6_phase5.TestSalesModule" name="test_update_lead_stage" time="0.158" /><testcase classname="backend.tests.test_iteration6_phase5.TestSalesModule" name="test_update_lead_full" time="0.103" /><testcase classname="backend.tests.test_iteration6_phase5.TestSalesModule" name="test_delete_lead" time="0.223" /><testcase classname="backend.tests.test_iteration6_phase5.TestMessagesModule" name="test_get_conversations" time="0.462" /><testcase classname="backend.tests.test_iteration6_phase5.TestMessagesModule" name="test_create_conversation" time="0.504" /><testcase classname="backend.tests.test_iteration6_phase5.TestMessagesModule" name="test_get_messages_empty" time="0.098" /><testcase classname="backend.tests.test_iteration6_phase5.TestMessagesModule" name="test_send_message" time="0.140" /><testcase classname="backend.tests.test_iteration6_phase5.TestMessagesModule" name="test_get_messages_with_content" time="0.118" /><testcase classname="backend.tests.test_iteration6_phase5.TestMessagesModule" name="test_conversation_last_message_updated" time="0.118" /><testcase classname="backend.tests.test_iteration6_phase5.TestNotificationsModule" name="test_get_notifications" time="0.452" /><testcase classname="backend.tests.test_iteration6_phase5.TestNotificationsModule" name="test_notification_structure" time="0.115" /><testcase classname="backend.tests.test_iteration6_phase5.TestNotificationsModule" name="test_notifications_sorted_by_severity" time="0.120" /><testcase classname="backend.tests.test_iteration6_phase5.TestCustomFields" name="test_get_custom_fields" time="0.456" /><testcase classname="backend.tests.test_iteration6_phase5.TestCustomFields" name="test_create_custom_field_for_companies" time="0.105" /><testcase classname="backend.tests.test_iteration6_phase5.TestCustomFields" name="test_get_custom_fields_by_module" time="0.112" /><testcase classname="backend.tests.test_iteration6_phase5.TestCustomFields" name="test_update_custom_field" time="0.104" /><testcase classname="backend.tests.test_iteration6_phase5.TestCustomFields" name="test_delete_custom_field" time="0.233" /><testcase classname="backend.tests.test_iteration6_phase5.TestRBAC" name="test_admin_user_has_role" time="0.676" /><testcase classname="backend.tests.test_iteration6_phase5.TestRBAC" name="test_protected_endpoint_requires_auth" time="0.109" /><testcase classname="backend.tests.test_iteration6_phase5.TestRBAC" name="test_invalid_token_rejected" time="0.111" /><testcase classname="backend.tests.test_iteration6_phase5.TestSidebarMenuItems" name="test_sales_endpoint_exists" time="0.452" /><testcase classname="backend.tests.test_iteration6_phase5.TestSidebarMenuItems" name="test_messages_endpoint_exists" time="0.101" /><testcase classname="backend.tests.test_iteration6_phase5.TestSidebarMenuItems" name="test_notifications_endpoint_exists" time="0.652" /></testsuite></testsuites>