<?xml version="1.0" encoding="utf-8"?><testsuites name="pytest tests"><testsuite name="pytest" errors="0" failures="2" skipped="0" tests="28" time="8.797" timestamp="2026-04-08T18:19:36.752277+00:00" hostname="agent-env-6ecf7c4e-0590-4228-8243-198907a5590c"><testcase classname="backend.tests.test_iteration8_settings_companies.TestOptionsAll" name="test_options_all_returns_sub_sectors" time="0.558" /><testcase classname="backend.tests.test_iteration8_settings_companies.TestOptionsAll" name="test_options_all_returns_positions" time="0.147" /><testcase classname="backend.tests.test_iteration8_settings_companies.TestOptionsAll" name="test_options_all_returns_activities" time="0.108" /><testcase classname="backend.tests.test_iteration8_settings_companies.TestOptionsAll" name="test_options_all_returns_education_levels" time="0.128" /><testcase classname="backend.tests.test_iteration8_settings_companies.TestOptionsAll" name="test_options_all_returns_sectors" time="0.176" /><testcase classname="backend.tests.test_iteration8_settings_companies.TestSectors" name="test_get_sectors" time="0.491" /><testcase classname="backend.tests.test_iteration8_settings_companies.TestSectors" name="test_create_sector" time="0.226" /><testcase classname="backend.tests.test_iteration8_settings_companies.TestSubSectors" name="test_get_sub_sectors" time="0.447" /><testcase classname="backend.tests.test_iteration8_settings_companies.TestSubSectors" name="test_create_sub_sector" time="0.374" /><testcase classname="backend.tests.test_iteration8_settings_companies.TestSubSectors" name="test_update_sub_sector" time="0.369" /><testcase classname="backend.tests.test_iteration8_settings_companies.TestSubSectors" name="test_delete_sub_sector" time="0.231" /><testcase classname="backend.tests.test_iteration8_settings_companies.TestSubSectors" name="test_sub_sectors_appear_in_options_all" time="0.431" /><testcase classname="backend.tests.test_iteration8_settings_companies.TestPositions" name="test_get_positions" time="0.437" /><testcase classname="backend.tests.test_iteration8_settings_companies.TestPositions" name="test_create_position" time="0.257" /><testcase classname="backend.tests.test_iteration8_settings_companies.TestPositions" name="test_delete_position" time="0.238" /><testcase classname="backend.tests.test_iteration8_settings_companies.TestPositions" name="test_positions_appear_in_options_all" time="0.339" /><testcase classname="backend.tests.test_iteration8_settings_companies.TestActivities" name="test_get_activities" time="0.503" /><testcase classname="backend.tests.test_iteration8_settings_companies.TestActivities" name="test_create_activity" time="0.223" /><testcase classname="backend.tests.test_iteration8_settings_companies.TestActivities" name="test_delete_activity" time="0.216" /><testcase classname="backend.tests.test_iteration8_settings_companies.TestActivities" name="test_activities_appear_in_options_all" time="0.339" /><testcase classname="backend.tests.test_iteration8_settings_companies.TestFileUpload" name="test_upload_file" time="0.425" /><testcase classname="backend.tests.test_iteration8_settings_companies.TestCompanies" name="test_get_companies" time="0.450" /><testcase classname="backend.tests.test_iteration8_settings_companies.TestCompanies" name="test_create_company_with_new_fields" time="0.109"><failure message="KeyError: 'voen'">backend/tests/test_iteration8_settings_companies.py:375: in test_create_company_with_new_fields
    assert data["voen"] == "1234567890"
           ^^^^^^^^^^^^
E   KeyError: 'voen'</failure></testcase><testcase classname="backend.tests.test_iteration8_settings_companies.TestCompanies" name="test_create_company_with_owners_array" time="0.333" /><testcase classname="backend.tests.test_iteration8_settings_companies.TestCompanies" name="test_create_company_with_contracts_array" time="0.228" /><testcase classname="backend.tests.test_iteration8_settings_companies.TestCompanies" name="test_get_company_by_id" time="0.306" /><testcase classname="backend.tests.test_iteration8_settings_companies.TestCompanies" name="test_update_company" time="0.228"><failure message="KeyError: 'voen'">backend/tests/test_iteration8_settings_companies.py:517: in test_update_company
    assert updated["voen"] == "9876543210"
           ^^^^^^^^^^^^^^^
E   KeyError: 'voen'</failure></testcase><testcase classname="backend.tests.test_iteration8_settings_companies.TestCompanies" name="test_delete_company" time="0.316" /></testsuite></testsuites>