<?xml version="1.0" encoding="utf-8"?><testsuites name="pytest tests"><testsuite name="pytest" errors="0" failures="0" skipped="0" tests="8" time="2.133" timestamp="2026-05-01T09:58:36.321234+00:00" hostname="agent-env-ca7e3410-d407-4413-96ab-dbe60672c576"><testcase classname="backend.tests.test_iteration36_display_id_birthdays.TestCompanyDisplayId" name="test_list_companies_have_display_id" time="0.488" /><testcase classname="backend.tests.test_iteration36_display_id_birthdays.TestCompanyDisplayId" name="test_backfill_idempotent" time="0.095" /><testcase classname="backend.tests.test_iteration36_display_id_birthdays.TestCompanyDisplayId" name="test_create_company_assigns_next_display_id" time="0.229" /><testcase classname="backend.tests.test_iteration36_display_id_birthdays.TestCompanyDisplayId" name="test_import_excel_assigns_display_id" time="0.406" /><testcase classname="backend.tests.test_iteration36_display_id_birthdays.TestBirthdayNotifications" name="test_birthday_notif_today_high" time="0.216" /><testcase classname="backend.tests.test_iteration36_display_id_birthdays.TestBirthdayNotifications" name="test_birthday_notif_tomorrow_medium" time="0.218" /><testcase classname="backend.tests.test_iteration36_display_id_birthdays.TestBirthdayNotifications" name="test_birthday_notif_other_date_absent" time="0.214" /><testcase classname="backend.tests.test_iteration36_display_id_birthdays.TestBirthdayNotifications" name="test_dispatch_emails_does_not_crash_with_birthday" time="0.216" /></testsuite></testsuites>