<?xml version="1.0" encoding="utf-8"?><testsuites name="pytest tests"><testsuite name="pytest" errors="0" failures="0" skipped="0" tests="19" time="5.462" timestamp="2026-04-26T10:42:19.215282+00:00" hostname="agent-env-ca7e3410-d407-4413-96ab-dbe60672c576"><testcase classname="backend.tests.test_iteration31_email_hooks_regression.TestAuth" name="test_admin_login" time="0.346" /><testcase classname="backend.tests.test_iteration31_email_hooks_regression.TestAuth" name="test_sales_login" time="0.362" /><testcase classname="backend.tests.test_iteration31_email_hooks_regression.TestAuth" name="test_acct_login" time="0.330" /><testcase classname="backend.tests.test_iteration31_email_hooks_regression.TestNotifications" name="test_get_notifications" time="0.431" /><testcase classname="backend.tests.test_iteration31_email_hooks_regression.TestNotifications" name="test_dispatch_emails_returns_object" time="0.110" /><testcase classname="backend.tests.test_iteration31_email_hooks_regression.TestNotifications" name="test_dispatch_emails_idempotent" time="0.220" /><testcase classname="backend.tests.test_iteration31_email_hooks_regression.TestMeetings" name="test_create_meeting_no_500_and_persisted" time="0.593" /><testcase classname="backend.tests.test_iteration31_email_hooks_regression.TestSalesLeads" name="test_list_sales_leads" time="0.101" /><testcase classname="backend.tests.test_iteration31_email_hooks_regression.TestSalesLeads" name="test_update_lead_to_baglandi_no_500" time="0.436" /><testcase classname="backend.tests.test_iteration31_email_hooks_regression.TestPublicForm" name="test_public_form_submit_no_500" time="0.922" /><testcase classname="backend.tests.test_iteration31_email_hooks_regression.TestCoreFlows" name="test_list_endpoints[/companies]" time="0.118" /><testcase classname="backend.tests.test_iteration31_email_hooks_regression.TestCoreFlows" name="test_list_endpoints[/members]" time="0.105" /><testcase classname="backend.tests.test_iteration31_email_hooks_regression.TestCoreFlows" name="test_list_endpoints[/obligations/dashboard]" time="0.131" /><testcase classname="backend.tests.test_iteration31_email_hooks_regression.TestCoreFlows" name="test_list_endpoints[/sales-leads]" time="0.102" /><testcase classname="backend.tests.test_iteration31_email_hooks_regression.TestCoreFlows" name="test_list_endpoints[/project-events]" time="0.110" /><testcase classname="backend.tests.test_iteration31_email_hooks_regression.TestCoreFlows" name="test_list_endpoints[/finance/expenses]" time="0.115" /><testcase classname="backend.tests.test_iteration31_email_hooks_regression.TestCoreFlows" name="test_list_endpoints[/finance/incomes]" time="0.101" /><testcase classname="backend.tests.test_iteration31_email_hooks_regression.TestRBACScope" name="test_sales_sees_subset_of_admin" time="0.570" /><testcase classname="backend.tests.test_iteration31_email_hooks_regression.TestRBACScope" name="test_sales_meetings_scope" time="0.203" /></testsuite></testsuites>