<?xml version="1.0" encoding="utf-8"?><testsuites name="pytest tests"><testsuite name="pytest" errors="0" failures="0" skipped="0" tests="19" time="8.120" timestamp="2026-03-28T18:22:32.862639+00:00" hostname="agent-env-4b3520d5-82a2-48fd-9f51-6f9635a4fb27"><testcase classname="backend.tests.test_iteration5_finance.TestFinanceIteration5" name="test_get_companies_returns_all_companies" time="0.452" /><testcase classname="backend.tests.test_iteration5_finance.TestFinanceIteration5" name="test_companies_have_finance_fields" time="0.371" /><testcase classname="backend.tests.test_iteration5_finance.TestFinanceIteration5" name="test_companies_have_contract_dates" time="0.402" /><testcase classname="backend.tests.test_iteration5_finance.TestFinanceIteration5" name="test_companies_have_representative_field" time="0.394" /><testcase classname="backend.tests.test_iteration5_finance.TestFinanceIteration5" name="test_update_company_finance_note" time="0.513" /><testcase classname="backend.tests.test_iteration5_finance.TestFinanceIteration5" name="test_update_company_paid_amount" time="0.464" /><testcase classname="backend.tests.test_iteration5_finance.TestFinanceIteration5" name="test_update_company_finance_with_payment_date" time="0.428" /><testcase classname="backend.tests.test_iteration5_finance.TestFinanceIteration5" name="test_update_company_finance_invalid_id" time="0.406" /><testcase classname="backend.tests.test_iteration5_finance.TestFinanceIteration5" name="test_update_company_finance_empty_data" time="0.429" /><testcase classname="backend.tests.test_iteration5_finance.TestFinanceIteration5" name="test_get_expenses" time="0.387" /><testcase classname="backend.tests.test_iteration5_finance.TestFinanceIteration5" name="test_create_expense" time="0.376" /><testcase classname="backend.tests.test_iteration5_finance.TestFinanceIteration5" name="test_update_expense" time="0.486" /><testcase classname="backend.tests.test_iteration5_finance.TestFinanceIteration5" name="test_delete_expense" time="0.507" /><testcase classname="backend.tests.test_iteration5_finance.TestFinanceIteration5" name="test_options_all_has_filter_data" time="0.418" /><testcase classname="backend.tests.test_iteration5_finance.TestFinanceIteration5" name="test_get_projects" time="0.401" /><testcase classname="backend.tests.test_iteration5_finance.TestFinanceIteration5" name="test_cleanup_test_expenses" time="0.429" /><testcase classname="backend.tests.test_iteration5_finance.TestFinanceCompanyFilters" name="test_filter_companies_by_package" time="0.385" /><testcase classname="backend.tests.test_iteration5_finance.TestFinanceCompanyFilters" name="test_filter_companies_by_status" time="0.384" /><testcase classname="backend.tests.test_iteration5_finance.TestFinanceCompanyFilters" name="test_filter_companies_by_representative" time="0.430" /></testsuite></testsuites>