<?xml version="1.0" encoding="utf-8"?><testsuites name="pytest tests"><testsuite name="pytest" errors="0" failures="0" skipped="0" tests="31" time="7.052" timestamp="2026-04-19T10:32:30.426257+00:00" hostname="agent-env-592928f4-8c73-414f-aff7-b755c4eac302"><testcase classname="backend.tests.test_iteration22_attendance_barter.TestAuth" name="test_admin_login" time="0.450" /><testcase classname="backend.tests.test_iteration22_attendance_barter.TestAuth" name="test_sales_login" time="0.357" /><testcase classname="backend.tests.test_iteration22_attendance_barter.TestAuth" name="test_accountant_login" time="0.317" /><testcase classname="backend.tests.test_iteration22_attendance_barter.TestAttendance" name="test_post_creates_record" time="0.611" /><testcase classname="backend.tests.test_iteration22_attendance_barter.TestAttendance" name="test_post_upsert_updates_not_inserts" time="0.209" /><testcase classname="backend.tests.test_iteration22_attendance_barter.TestAttendance" name="test_get_by_date" time="0.112" /><testcase classname="backend.tests.test_iteration22_attendance_barter.TestAttendance" name="test_get_by_date_range" time="0.106" /><testcase classname="backend.tests.test_iteration22_attendance_barter.TestAttendance" name="test_bulk_attendance" time="0.105" /><testcase classname="backend.tests.test_iteration22_attendance_barter.TestAttendance" name="test_stats" time="0.100" /><testcase classname="backend.tests.test_iteration22_attendance_barter.TestAttendance" name="test_rbac_accountant_cannot_write_attendance" time="0.475" /><testcase classname="backend.tests.test_iteration22_attendance_barter.TestAttendance" name="test_rbac_sales_cannot_write_attendance" time="0.433" /><testcase classname="backend.tests.test_iteration22_attendance_barter.TestLeaveRequests" name="test_create_leave" time="0.111" /><testcase classname="backend.tests.test_iteration22_attendance_barter.TestLeaveRequests" name="test_list_leaves" time="0.145" /><testcase classname="backend.tests.test_iteration22_attendance_barter.TestLeaveRequests" name="test_approve_leave_auto_fills_attendance" time="0.761" /><testcase classname="backend.tests.test_iteration22_attendance_barter.TestLeaveRequests" name="test_delete_leave" time="0.103" /><testcase classname="backend.tests.test_iteration22_attendance_barter.TestBarters" name="test_create_barter_auto_code" time="0.100" /><testcase classname="backend.tests.test_iteration22_attendance_barter.TestBarters" name="test_list_barters" time="0.102" /><testcase classname="backend.tests.test_iteration22_attendance_barter.TestBarters" name="test_update_barter" time="0.196" /><testcase classname="backend.tests.test_iteration22_attendance_barter.TestBarters" name="test_barter_stats" time="0.105" /><testcase classname="backend.tests.test_iteration22_attendance_barter.TestBarters" name="test_accountant_can_write_barter" time="0.135" /><testcase classname="backend.tests.test_iteration22_attendance_barter.TestBarters" name="test_sales_cannot_write_barter" time="0.122" /><testcase classname="backend.tests.test_iteration22_attendance_barter.TestBarters" name="test_delete_barter" time="0.198" /><testcase classname="backend.tests.test_iteration22_attendance_barter.TestRegression" name="test_projects" time="0.105" /><testcase classname="backend.tests.test_iteration22_attendance_barter.TestRegression" name="test_invitations" time="0.118" /><testcase classname="backend.tests.test_iteration22_attendance_barter.TestRegression" name="test_contact_lists" time="0.123" /><testcase classname="backend.tests.test_iteration22_attendance_barter.TestRegression" name="test_finance_summary" time="0.112" /><testcase classname="backend.tests.test_iteration22_attendance_barter.TestRegression" name="test_employees" time="0.102" /><testcase classname="backend.tests.test_iteration22_attendance_barter.TestRegression" name="test_meetings" time="0.122" /><testcase classname="backend.tests.test_iteration22_attendance_barter.TestRegression" name="test_tasks" time="0.096" /><testcase classname="backend.tests.test_iteration22_attendance_barter.TestRegression" name="test_assembly_sessions" time="0.103" /><testcase classname="backend.tests.test_iteration22_attendance_barter.TestCleanup" name="test_cleanup_attendance_created" time="0.727" /></testsuite></testsuites>