<?xml version="1.0" encoding="utf-8"?><testsuites name="pytest tests"><testsuite name="pytest" errors="0" failures="2" skipped="0" tests="14" time="7.261" timestamp="2026-04-26T10:00:22.966002+00:00" hostname="agent-env-1bcd5a1b-0f84-47d9-be70-e35724add1ac"><testcase classname="backend.tests.test_iteration29_payment_method_form_approval.TestExpenseIncomePaymentMethod" name="test_expense_payment_method_persists" time="0.810" /><testcase classname="backend.tests.test_iteration29_payment_method_form_approval.TestExpenseIncomePaymentMethod" name="test_expense_other_methods[N\u0259\u011fd]" time="0.213" /><testcase classname="backend.tests.test_iteration29_payment_method_form_approval.TestExpenseIncomePaymentMethod" name="test_expense_other_methods[Posterminal]" time="0.362" /><testcase classname="backend.tests.test_iteration29_payment_method_form_approval.TestExpenseIncomePaymentMethod" name="test_expense_other_methods[CTC]" time="0.231" /><testcase classname="backend.tests.test_iteration29_payment_method_form_approval.TestExpenseIncomePaymentMethod" name="test_income_payment_method_persists" time="0.339" /><testcase classname="backend.tests.test_iteration29_payment_method_form_approval.TestCompanyPaymentMethod" name="test_company_payment_records_method" time="0.534" /><testcase classname="backend.tests.test_iteration29_payment_method_form_approval.TestSalesLeadPaymentMethod" name="test_sales_lead_payment_records_method" time="0.311" /><testcase classname="backend.tests.test_iteration29_payment_method_form_approval.TestPublicFormFlow" name="test_submit_writes_to_pending_only" time="0.625" /><testcase classname="backend.tests.test_iteration29_payment_method_form_approval.TestPublicFormFlow" name="test_notifications_include_form_submission" time="0.548"><failure message="AssertionError: Internal Server Error&#10;assert 500 == 200&#10; +  where 500 = &lt;Response [500]&gt;.status_code">backend/tests/test_iteration29_payment_method_form_approval.py:243: in test_notifications_include_form_submission
    assert n.status_code == 200, n.text
E   AssertionError: Internal Server Error
E   assert 500 == 200
E    +  where 500 = &lt;Response [500]&gt;.status_code</failure></testcase><testcase classname="backend.tests.test_iteration29_payment_method_form_approval.TestPublicFormFlow" name="test_approve_form_moves_pending_to_real" time="0.626" /><testcase classname="backend.tests.test_iteration29_payment_method_form_approval.TestPublicFormFlow" name="test_reject_form_clears_pending_with_reason" time="0.677" /><testcase classname="backend.tests.test_iteration29_payment_method_form_approval.TestPublicFormFlow" name="test_approve_with_no_pending_returns_400" time="0.301" /><testcase classname="backend.tests.test_iteration29_payment_method_form_approval.TestPublicFormFlow" name="test_reject_with_no_pending_returns_400" time="0.307" /><testcase classname="backend.tests.test_iteration29_payment_method_form_approval.TestScopeOwnApprove" name="test_sales_own_scope_cannot_approve_admin_company" time="1.271"><failure message="AssertionError: Expected 403, got 200: {&quot;message&quot;:&quot;Təsdiqləndi və məlumatlar yeniləndi&quot;}&#10;assert 200 == 403&#10; +  where 200 = &lt;Response [200]&gt;.status_code">backend/tests/test_iteration29_payment_method_form_approval.py:350: in test_sales_own_scope_cannot_approve_admin_company
    assert r.status_code == 403, f"Expected 403, got {r.status_code}: {r.text}"
E   AssertionError: Expected 403, got 200: {"message":"Təsdiqləndi və məlumatlar yeniləndi"}
E   assert 200 == 403
E    +  where 200 = &lt;Response [200]&gt;.status_code</failure></testcase></testsuite></testsuites>