<?xml version="1.0" encoding="utf-8"?><testsuites name="pytest tests"><testsuite name="pytest" errors="0" failures="0" skipped="0" tests="18" time="7.077" timestamp="2026-04-08T18:43:30.390114+00:00" hostname="agent-env-6ecf7c4e-0590-4228-8243-198907a5590c"><testcase classname="backend.tests.test_iteration9_regions_payments.TestRegionsCRUD" name="test_get_regions_returns_list" time="0.598" /><testcase classname="backend.tests.test_iteration9_regions_payments.TestRegionsCRUD" name="test_get_regions_has_default_regions" time="0.115" /><testcase classname="backend.tests.test_iteration9_regions_payments.TestRegionsCRUD" name="test_create_region" time="0.164" /><testcase classname="backend.tests.test_iteration9_regions_payments.TestRegionsCRUD" name="test_created_region_appears_in_list" time="0.430" /><testcase classname="backend.tests.test_iteration9_regions_payments.TestRegionsCRUD" name="test_delete_region" time="0.375" /><testcase classname="backend.tests.test_iteration9_regions_payments.TestOptionsAllEndpoint" name="test_options_all_returns_regions" time="0.424" /><testcase classname="backend.tests.test_iteration9_regions_payments.TestOptionsAllEndpoint" name="test_options_all_returns_updated_reference_sources" time="0.143" /><testcase classname="backend.tests.test_iteration9_regions_payments.TestOptionsAllEndpoint" name="test_options_all_returns_positions" time="0.149" /><testcase classname="backend.tests.test_iteration9_regions_payments.TestOptionsAllEndpoint" name="test_created_region_appears_in_options_all" time="0.378" /><testcase classname="backend.tests.test_iteration9_regions_payments.TestOptionsCompanies" name="test_options_companies_returns_list" time="0.442" /><testcase classname="backend.tests.test_iteration9_regions_payments.TestCompanyWithNewFields" name="test_create_company_with_region" time="0.739" /><testcase classname="backend.tests.test_iteration9_regions_payments.TestCompanyWithNewFields" name="test_create_company_with_reference_source_company" time="0.320" /><testcase classname="backend.tests.test_iteration9_regions_payments.TestCompanyWithNewFields" name="test_create_company_with_reference_source_person" time="0.363" /><testcase classname="backend.tests.test_iteration9_regions_payments.TestCompanyWithNewFields" name="test_create_company_with_reference_source_media" time="0.318" /><testcase classname="backend.tests.test_iteration9_regions_payments.TestCompanyWithContracts" name="test_create_company_with_multiple_contracts" time="0.734" /><testcase classname="backend.tests.test_iteration9_regions_payments.TestCompanyWithContracts" name="test_create_company_with_contact_position" time="0.315" /><testcase classname="backend.tests.test_iteration9_regions_payments.TestCleanup" name="test_cleanup_test_regions" time="0.584" /><testcase classname="backend.tests.test_iteration9_regions_payments.TestCleanup" name="test_cleanup_test_companies" time="0.353" /></testsuite></testsuites>