<?xml version="1.0" encoding="utf-8"?><testsuites name="pytest tests"><testsuite name="pytest" errors="0" failures="0" skipped="0" tests="7" time="3.194" timestamp="2026-04-26T11:25:09.458685+00:00" hostname="agent-env-ca7e3410-d407-4413-96ab-dbe60672c576"><testcase classname="backend.tests.test_iteration33_marsol_company.TestMarsolCompaniesEndpoint" name="test_requires_auth" time="0.227" /><testcase classname="backend.tests.test_iteration33_marsol_company.TestMarsolCompaniesEndpoint" name="test_returns_list_authenticated" time="0.465" /><testcase classname="backend.tests.test_iteration33_marsol_company.TestExpenseMarsolCompany" name="test_create_expense_with_marsol_company" time="0.546" /><testcase classname="backend.tests.test_iteration33_marsol_company.TestExpenseMarsolCompany" name="test_create_expense_without_marsol_company_regression" time="0.288" /><testcase classname="backend.tests.test_iteration33_marsol_company.TestCompanyFinanceMarsolCompany" name="test_update_marsol_company" time="0.390" /><testcase classname="backend.tests.test_iteration33_marsol_company.TestCompanyFinanceMarsolCompany" name="test_new_payment_amount_still_works" time="0.118" /><testcase classname="backend.tests.test_iteration33_marsol_company.TestSalesLeadMarsolCompany" name="test_full_flow" time="1.113" /></testsuite></testsuites>