<?xml version="1.0" encoding="utf-8"?><testsuites name="pytest tests"><testsuite name="pytest" errors="0" failures="0" skipped="0" tests="18" time="3.647" timestamp="2026-03-28T18:14:27.210243+00:00" hostname="agent-env-4b3520d5-82a2-48fd-9f51-6f9635a4fb27"><testcase classname="backend.tests.test_iteration4_features.TestSectorsCRUD" name="test_get_sectors_returns_list" time="0.474" /><testcase classname="backend.tests.test_iteration4_features.TestSectorsCRUD" name="test_create_sector" time="0.116" /><testcase classname="backend.tests.test_iteration4_features.TestSectorsCRUD" name="test_get_sector_after_create" time="0.127" /><testcase classname="backend.tests.test_iteration4_features.TestSectorsCRUD" name="test_update_sector" time="0.113" /><testcase classname="backend.tests.test_iteration4_features.TestSectorsCRUD" name="test_verify_sector_update" time="0.108" /><testcase classname="backend.tests.test_iteration4_features.TestSectorsCRUD" name="test_delete_sector" time="0.129" /><testcase classname="backend.tests.test_iteration4_features.TestSectorsCRUD" name="test_verify_sector_deleted" time="0.129" /><testcase classname="backend.tests.test_iteration4_features.TestOptionsAllEndpoint" name="test_options_all_returns_packages_with_prices" time="0.113" /><testcase classname="backend.tests.test_iteration4_features.TestOptionsAllEndpoint" name="test_options_all_returns_sectors" time="0.112" /><testcase classname="backend.tests.test_iteration4_features.TestOptionsAllEndpoint" name="test_options_all_returns_marsol_representatives_from_users" time="0.108" /><testcase classname="backend.tests.test_iteration4_features.TestOptionsAllEndpoint" name="test_options_all_has_all_required_fields" time="0.106" /><testcase classname="backend.tests.test_iteration4_features.TestPackagePriceAutoFill" name="test_default_packages_have_prices" time="0.110" /><testcase classname="backend.tests.test_iteration4_features.TestPackagePriceAutoFill" name="test_create_company_with_package_price_as_total" time="0.318" /><testcase classname="backend.tests.test_iteration4_features.TestPackagePriceAutoFill" name="test_update_company_paid_amount_recalculates_debt" time="0.444" /><testcase classname="backend.tests.test_iteration4_features.TestSettingsPackagesWithPrice" name="test_get_packages_includes_price" time="0.101" /><testcase classname="backend.tests.test_iteration4_features.TestSettingsPackagesWithPrice" name="test_create_package_with_price" time="0.332" /><testcase classname="backend.tests.test_iteration4_features.TestSettingsTabs" name="test_sectors_endpoint_exists" time="0.111" /><testcase classname="backend.tests.test_iteration4_features.TestSettingsTabs" name="test_all_settings_endpoints_work" time="0.540" /></testsuite></testsuites>