<?xml version="1.0" encoding="utf-8"?><testsuites name="pytest tests"><testsuite name="pytest" errors="0" failures="0" skipped="0" tests="11" time="7.109" timestamp="2026-04-09T19:05:29.509454+00:00" hostname="agent-env-6ecf7c4e-0590-4228-8243-198907a5590c"><testcase classname="backend.tests.test_iteration12_hr_enhancements.TestMarsolCompaniesCRUD" name="test_get_marsol_companies_returns_list" time="0.595" /><testcase classname="backend.tests.test_iteration12_hr_enhancements.TestMarsolCompaniesCRUD" name="test_create_marsol_company" time="0.648" /><testcase classname="backend.tests.test_iteration12_hr_enhancements.TestMarsolCompaniesCRUD" name="test_delete_marsol_company" time="0.793" /><testcase classname="backend.tests.test_iteration12_hr_enhancements.TestOptionsAllMarsolCompanies" name="test_options_all_contains_marsol_companies" time="0.462" /><testcase classname="backend.tests.test_iteration12_hr_enhancements.TestEmployeeWorkExperiences" name="test_create_employee_with_work_experiences" time="0.592" /><testcase classname="backend.tests.test_iteration12_hr_enhancements.TestEmployeeWorkExperiences" name="test_create_employee_with_empty_work_experiences" time="0.558" /><testcase classname="backend.tests.test_iteration12_hr_enhancements.TestEmployeeMarsolCompany" name="test_create_employee_with_marsol_company" time="0.642" /><testcase classname="backend.tests.test_iteration12_hr_enhancements.TestEmployeeReminders" name="test_create_employee_with_multiple_reminders" time="0.623" /><testcase classname="backend.tests.test_iteration12_hr_enhancements.TestEmployeeReminders" name="test_create_employee_with_empty_reminders" time="0.599" /><testcase classname="backend.tests.test_iteration12_hr_enhancements.TestEmployeeComprehensive" name="test_create_employee_with_all_new_fields" time="0.689" /><testcase classname="backend.tests.test_iteration12_hr_enhancements.TestEmployeeComprehensive" name="test_update_employee_work_experiences_and_reminders" time="0.825" /></testsuite></testsuites>