<?xml version="1.0" encoding="utf-8"?><testsuites name="pytest tests"><testsuite name="pytest" errors="0" failures="0" skipped="0" tests="20" time="24.372" timestamp="2026-04-19T11:21:07.599675+00:00" hostname="agent-env-592928f4-8c73-414f-aff7-b755c4eac302"><testcase classname="backend.tests.test_iteration23_ai_analyst.TestAIExamples" name="test_examples_returns_list" time="0.428" /><testcase classname="backend.tests.test_iteration23_ai_analyst.TestAIExamples" name="test_examples_requires_auth" time="0.098" /><testcase classname="backend.tests.test_iteration23_ai_analyst.TestAIAnalyzeValidation" name="test_empty_prompt_returns_400" time="0.046" /><testcase classname="backend.tests.test_iteration23_ai_analyst.TestAIAnalyzeValidation" name="test_whitespace_prompt_returns_400" time="0.046" /><testcase classname="backend.tests.test_iteration23_ai_analyst.TestAIAnalyzeValidation" name="test_too_long_prompt_returns_400" time="0.047" /><testcase classname="backend.tests.test_iteration23_ai_analyst.TestAIAnalyzeValidation" name="test_requires_auth" time="0.134" /><testcase classname="backend.tests.test_iteration23_ai_analyst.TestAIAnalyzeHappy" name="test_analyze_returns_structured_table[Hans\u0131 sektordan ne\xe7\u0259 \u015firk\u0259t var]" time="5.576" /><testcase classname="backend.tests.test_iteration23_ai_analyst.TestAIAnalyzeHappy" name="test_analyze_returns_structured_table[Aktiv \xfczv \u015firk\u0259tl\u0259r ad v\u0259 telefon]" time="6.406" /><testcase classname="backend.tests.test_iteration23_ai_analyst.TestAIAnalyzeHappy" name="test_analyze_returns_structured_table[Paketl\u0259r \xfczr\u0259 \xfczv say\u0131]" time="4.645" /><testcase classname="backend.tests.test_iteration23_ai_analyst.TestAIAnalyzeHappy" name="test_analyze_returns_structured_table[Borcu olan \u015firk\u0259tl\u0259r]" time="5.620" /><testcase classname="backend.tests.test_iteration23_ai_analyst.TestAISaveToList" name="test_save_empty_title_400" time="0.048" /><testcase classname="backend.tests.test_iteration23_ai_analyst.TestAISaveToList" name="test_save_empty_rows_400" time="0.045" /><testcase classname="backend.tests.test_iteration23_ai_analyst.TestAISaveToList" name="test_save_happy_path_and_verify_contacts" time="0.097" /><testcase classname="backend.tests.test_iteration23_ai_analyst.TestAISaveToList" name="test_save_rbac_muhasib_forbidden" time="0.410" /><testcase classname="backend.tests.test_iteration23_ai_analyst.TestRegression" name="test_key_endpoints_respond[/companies]" time="0.049" /><testcase classname="backend.tests.test_iteration23_ai_analyst.TestRegression" name="test_key_endpoints_respond[/contact-lists]" time="0.048" /><testcase classname="backend.tests.test_iteration23_ai_analyst.TestRegression" name="test_key_endpoints_respond[/attendance]" time="0.046" /><testcase classname="backend.tests.test_iteration23_ai_analyst.TestRegression" name="test_key_endpoints_respond[/barters]" time="0.053" /><testcase classname="backend.tests.test_iteration23_ai_analyst.TestRegression" name="test_key_endpoints_respond[/project-events]" time="0.049" /><testcase classname="backend.tests.test_iteration23_ai_analyst.TestRegression" name="test_key_endpoints_respond[/invitations]" time="0.428" /></testsuite></testsuites>